2022-11-25 17:32:55.222  INFO 33744 --- [restartedMain] com.wechat.routine.RoutineApplication    : Starting RoutineApplication using Java 1.8.0_333 on DESKTOP-8P780U0 with PID 33744 (C:\Users\huangfuluyu\IdeaProjects\small-routine\routine\target\classes started by huangfuluyu in C:\Users\huangfuluyu\IdeaProjects\small-routine)
2022-11-25 17:32:55.223  INFO 33744 --- [restartedMain] com.wechat.routine.RoutineApplication    : No active profile set, falling back to 1 default profile: "default"
2022-11-25 17:32:55.294  INFO 33744 --- [restartedMain] .e.DevToolsPropertyDefaultsPostProcessor : Devtools property defaults active! Set 'spring.devtools.add-properties' to 'false' to disable
2022-11-25 17:32:55.294  INFO 33744 --- [restartedMain] .e.DevToolsPropertyDefaultsPostProcessor : For additional web related logging consider setting the 'logging.level.web' property to 'DEBUG'
2022-11-25 17:33:33.911  INFO 44640 --- [restartedMain] com.wechat.routine.RoutineApplication    : Starting RoutineApplication using Java 1.8.0_333 on DESKTOP-8P780U0 with PID 44640 (C:\Users\huangfuluyu\IdeaProjects\small-routine\routine\target\classes started by huangfuluyu in C:\Users\huangfuluyu\IdeaProjects\small-routine)
2022-11-25 17:33:33.913  INFO 44640 --- [restartedMain] com.wechat.routine.RoutineApplication    : No active profile set, falling back to 1 default profile: "default"
2022-11-25 17:33:33.980  INFO 44640 --- [restartedMain] .e.DevToolsPropertyDefaultsPostProcessor : Devtools property defaults active! Set 'spring.devtools.add-properties' to 'false' to disable
2022-11-25 17:33:33.981  INFO 44640 --- [restartedMain] .e.DevToolsPropertyDefaultsPostProcessor : For additional web related logging consider setting the 'logging.level.web' property to 'DEBUG'
2022-11-25 17:33:35.411  INFO 44640 --- [restartedMain] o.s.cloud.context.scope.GenericScope     : BeanFactory id=b560f9bb-55e2-3b3c-94eb-68be8388c9bd
2022-11-25 17:33:36.166  INFO 44640 --- [restartedMain] o.s.b.w.embedded.tomcat.TomcatWebServer  : Tomcat initialized with port(s): 9001 (http)
2022-11-25 17:33:36.177  INFO 44640 --- [restartedMain] o.apache.catalina.core.StandardService   : Starting service [Tomcat]
2022-11-25 17:33:36.177  INFO 44640 --- [restartedMain] org.apache.catalina.core.StandardEngine  : Starting Servlet engine: [Apache Tomcat/9.0.58]
2022-11-25 17:33:36.314  INFO 44640 --- [restartedMain] o.a.c.c.C.[Tomcat].[localhost].[/]       : Initializing Spring embedded WebApplicationContext
2022-11-25 17:33:36.315  INFO 44640 --- [restartedMain] w.s.c.ServletWebServerApplicationContext : Root WebApplicationContext: initialization completed in 2334 ms
2022-11-25 17:33:37.184  INFO 44640 --- [restartedMain] pertySourcedRequestMappingHandlerMapping : Mapped URL path [/v2/api-docs] onto method [springfox.documentation.swagger2.web.Swagger2Controller#getDocumentation(String, HttpServletRequest)]
2022-11-25 17:33:37.326  INFO 44640 --- [restartedMain] o.s.b.d.a.OptionalLiveReloadServer       : LiveReload server is running on port 35729
2022-11-25 17:33:38.086  INFO 44640 --- [restartedMain] DiscoveryClientOptionalArgsConfiguration : Eureka HTTP Client uses RestTemplate.
2022-11-25 17:33:38.605  WARN 44640 --- [restartedMain] iguration$LoadBalancerCaffeineWarnLogger : Spring Cloud LoadBalancer is currently working with the default cache. While this cache implementation is useful for development and tests, it's recommended to use Caffeine cache in production.You can switch to using Caffeine cache, by adding it and org.springframework.cache.caffeine.CaffeineCacheManager to the classpath.
2022-11-25 17:33:38.702  INFO 44640 --- [restartedMain] o.s.c.n.eureka.InstanceInfoFactory       : Setting initial instance status as: STARTING
2022-11-25 17:33:38.733  INFO 44640 --- [restartedMain] com.netflix.discovery.DiscoveryClient    : Initializing Eureka in region us-east-1
2022-11-25 17:33:38.739  INFO 44640 --- [restartedMain] c.n.d.s.r.aws.ConfigClusterResolver      : Resolving eureka endpoints via configuration
2022-11-25 17:33:38.773  INFO 44640 --- [restartedMain] com.netflix.discovery.DiscoveryClient    : Disable delta property : false
2022-11-25 17:33:38.773  INFO 44640 --- [restartedMain] com.netflix.discovery.DiscoveryClient    : Single vip registry refresh property : null
2022-11-25 17:33:38.773  INFO 44640 --- [restartedMain] com.netflix.discovery.DiscoveryClient    : Force full registry fetch : false
2022-11-25 17:33:38.773  INFO 44640 --- [restartedMain] com.netflix.discovery.DiscoveryClient    : Application is null : false
2022-11-25 17:33:38.773  INFO 44640 --- [restartedMain] com.netflix.discovery.DiscoveryClient    : Registered Applications size is zero : true
2022-11-25 17:33:38.773  INFO 44640 --- [restartedMain] com.netflix.discovery.DiscoveryClient    : Application version is -1: true
2022-11-25 17:33:38.773  INFO 44640 --- [restartedMain] com.netflix.discovery.DiscoveryClient    : Getting all instance registry info from the eureka server
2022-11-25 17:33:39.603  INFO 44640 --- [restartedMain] com.netflix.discovery.DiscoveryClient    : The response status is 200
2022-11-25 17:33:39.606  INFO 44640 --- [restartedMain] com.netflix.discovery.DiscoveryClient    : Starting heartbeat executor: renew interval is: 30
2022-11-25 17:33:39.608  INFO 44640 --- [restartedMain] c.n.discovery.InstanceInfoReplicator     : InstanceInfoReplicator onDemand update allowed rate per min is 4
2022-11-25 17:33:39.612  INFO 44640 --- [restartedMain] com.netflix.discovery.DiscoveryClient    : Discovery Client initialized at timestamp 1669368819611 with initial instances count: 1
2022-11-25 17:33:39.615  INFO 44640 --- [restartedMain] o.s.c.n.e.s.EurekaServiceRegistry        : Registering application ROUTINE with eureka with status UP
2022-11-25 17:33:39.615  INFO 44640 --- [restartedMain] com.netflix.discovery.DiscoveryClient    : Saw local status change event StatusChangeEvent [timestamp=1669368819615, current=UP, previous=STARTING]
2022-11-25 17:33:39.617  INFO 44640 --- [DiscoveryClient-InstanceInfoReplicator-0] com.netflix.discovery.DiscoveryClient    : DiscoveryClient_ROUTINE/routine-9001: registering service...
2022-11-25 17:33:39.659  INFO 44640 --- [restartedMain] o.s.b.w.embedded.tomcat.TomcatWebServer  : Tomcat started on port(s): 9001 (http) with context path ''
2022-11-25 17:33:39.660  INFO 44640 --- [restartedMain] .s.c.n.e.s.EurekaAutoServiceRegistration : Updating port to 9001
2022-11-25 17:33:39.686  INFO 44640 --- [DiscoveryClient-InstanceInfoReplicator-0] com.netflix.discovery.DiscoveryClient    : DiscoveryClient_ROUTINE/routine-9001 - registration status: 204
2022-11-25 17:33:40.114  INFO 44640 --- [restartedMain] d.s.w.p.DocumentationPluginsBootstrapper : Context refreshed
2022-11-25 17:33:40.127  INFO 44640 --- [restartedMain] d.s.w.p.DocumentationPluginsBootstrapper : Found 1 custom documentation plugin(s)
2022-11-25 17:33:40.158  INFO 44640 --- [restartedMain] s.d.s.w.s.ApiListingReferenceScanner     : Scanning for api listing references
2022-11-25 17:33:40.293  INFO 44640 --- [restartedMain] .d.s.w.r.o.CachingOperationNameGenerator : Generating unique operation named: getLeadersUsingGET_1
2022-11-25 17:33:40.395  INFO 44640 --- [restartedMain] com.wechat.routine.RoutineApplication    : Started RoutineApplication in 7.625 seconds (JVM running for 8.799)
2022-11-25 17:34:00.026  INFO 44640 --- [scheduling-1] com.zaxxer.hikari.HikariDataSource       : HikariPool-1 - Starting...
2022-11-25 17:34:00.164  INFO 44640 --- [scheduling-1] com.zaxxer.hikari.HikariDataSource       : HikariPool-1 - Start completed.
2022-11-25 17:34:27.324  INFO 44640 --- [http-nio-9001-exec-1] o.a.c.c.C.[Tomcat].[localhost].[/]       : Initializing Spring DispatcherServlet 'dispatcherServlet'
2022-11-25 17:34:27.324  INFO 44640 --- [http-nio-9001-exec-1] o.s.web.servlet.DispatcherServlet        : Initializing Servlet 'dispatcherServlet'
2022-11-25 17:34:27.326  INFO 44640 --- [http-nio-9001-exec-1] o.s.web.servlet.DispatcherServlet        : Completed initialization in 2 ms
2022-11-25 17:38:38.783  INFO 44640 --- [AsyncResolver-bootstrap-executor-0] c.n.d.s.r.aws.ConfigClusterResolver      : Resolving eureka endpoints via configuration
2022-11-25 17:43:07.272  INFO 44640 --- [SpringApplicationShutdownHook] o.s.c.n.e.s.EurekaServiceRegistry        : Unregistering application ROUTINE with eureka with status DOWN
2022-11-25 17:43:07.272  INFO 44640 --- [SpringApplicationShutdownHook] com.netflix.discovery.DiscoveryClient    : Saw local status change event StatusChangeEvent [timestamp=1669369387272, current=DOWN, previous=UP]
2022-11-25 17:43:07.272  INFO 44640 --- [DiscoveryClient-InstanceInfoReplicator-0] com.netflix.discovery.DiscoveryClient    : DiscoveryClient_ROUTINE/routine-9001: registering service...
2022-11-25 17:43:07.284  INFO 44640 --- [DiscoveryClient-InstanceInfoReplicator-0] com.netflix.discovery.DiscoveryClient    : DiscoveryClient_ROUTINE/routine-9001 - registration status: 204
2022-11-25 17:43:07.586  INFO 44640 --- [SpringApplicationShutdownHook] com.zaxxer.hikari.HikariDataSource       : HikariPool-1 - Shutdown initiated...
2022-11-25 17:43:07.596  INFO 44640 --- [SpringApplicationShutdownHook] com.zaxxer.hikari.HikariDataSource       : HikariPool-1 - Shutdown completed.
2022-11-25 17:43:07.596  INFO 44640 --- [SpringApplicationShutdownHook] com.netflix.discovery.DiscoveryClient    : Shutting down DiscoveryClient ...
2022-11-25 17:43:10.599  WARN 44640 --- [DiscoveryClient-0] c.netflix.discovery.TimedSupervisorTask  : task supervisor shutting down, can't accept the task
2022-11-25 17:43:10.600  INFO 44640 --- [SpringApplicationShutdownHook] com.netflix.discovery.DiscoveryClient    : Unregistering ...
2022-11-25 17:43:10.604  INFO 44640 --- [SpringApplicationShutdownHook] com.netflix.discovery.DiscoveryClient    : DiscoveryClient_ROUTINE/routine-9001 - deregister  status: 200
2022-11-25 17:43:10.609  INFO 44640 --- [SpringApplicationShutdownHook] com.netflix.discovery.DiscoveryClient    : Completed shut down of DiscoveryClient
