2022-09-23 11:24:08.586  INFO 26668 --- [restartedMain] com.wechat.routine.RoutineApplication    : Starting RoutineApplication using Java 1.8.0_333 on DESKTOP-8P780U0 with PID 26668 (C:\Users\huangfuluyu\IdeaProjects\small-routine\routine\target\classes started by huangfuluyu in C:\Users\huangfuluyu\IdeaProjects\small-routine)
2022-09-23 11:24:08.588  INFO 26668 --- [restartedMain] com.wechat.routine.RoutineApplication    : No active profile set, falling back to 1 default profile: "default"
2022-09-23 11:24:08.663  INFO 26668 --- [restartedMain] .e.DevToolsPropertyDefaultsPostProcessor : Devtools property defaults active! Set 'spring.devtools.add-properties' to 'false' to disable
2022-09-23 11:24:08.663  INFO 26668 --- [restartedMain] .e.DevToolsPropertyDefaultsPostProcessor : For additional web related logging consider setting the 'logging.level.web' property to 'DEBUG'
2022-09-23 11:24:10.257  INFO 26668 --- [restartedMain] o.s.cloud.context.scope.GenericScope     : BeanFactory id=3b6fad03-7f41-3648-a3f8-40e1b21be003
2022-09-23 11:24:11.052  INFO 26668 --- [restartedMain] o.s.b.w.embedded.tomcat.TomcatWebServer  : Tomcat initialized with port(s): 9001 (http)
2022-09-23 11:24:11.064  INFO 26668 --- [restartedMain] o.apache.catalina.core.StandardService   : Starting service [Tomcat]
2022-09-23 11:24:11.065  INFO 26668 --- [restartedMain] org.apache.catalina.core.StandardEngine  : Starting Servlet engine: [Apache Tomcat/9.0.58]
2022-09-23 11:24:11.218  INFO 26668 --- [restartedMain] o.a.c.c.C.[Tomcat].[localhost].[/]       : Initializing Spring embedded WebApplicationContext
2022-09-23 11:24:11.218  INFO 26668 --- [restartedMain] w.s.c.ServletWebServerApplicationContext : Root WebApplicationContext: initialization completed in 2554 ms
2022-09-23 11:24:12.225  INFO 26668 --- [restartedMain] pertySourcedRequestMappingHandlerMapping : Mapped URL path [/v2/api-docs] onto method [springfox.documentation.swagger2.web.Swagger2Controller#getDocumentation(String, HttpServletRequest)]
2022-09-23 11:24:12.379  WARN 26668 --- [restartedMain] o.s.b.d.a.OptionalLiveReloadServer       : Unable to start LiveReload server
2022-09-23 11:24:13.081  INFO 26668 --- [restartedMain] DiscoveryClientOptionalArgsConfiguration : Eureka HTTP Client uses RestTemplate.
2022-09-23 11:24:13.520  WARN 26668 --- [restartedMain] iguration$LoadBalancerCaffeineWarnLogger : Spring Cloud LoadBalancer is currently working with the default cache. While this cache implementation is useful for development and tests, it's recommended to use Caffeine cache in production.You can switch to using Caffeine cache, by adding it and org.springframework.cache.caffeine.CaffeineCacheManager to the classpath.
2022-09-23 11:24:13.615  INFO 26668 --- [restartedMain] o.s.c.n.eureka.InstanceInfoFactory       : Setting initial instance status as: STARTING
2022-09-23 11:24:13.733  INFO 26668 --- [restartedMain] com.netflix.discovery.DiscoveryClient    : Initializing Eureka in region us-east-1
2022-09-23 11:24:13.741  INFO 26668 --- [restartedMain] c.n.d.s.r.aws.ConfigClusterResolver      : Resolving eureka endpoints via configuration
2022-09-23 11:24:13.765  INFO 26668 --- [restartedMain] com.netflix.discovery.DiscoveryClient    : Disable delta property : false
2022-09-23 11:24:13.766  INFO 26668 --- [restartedMain] com.netflix.discovery.DiscoveryClient    : Single vip registry refresh property : null
2022-09-23 11:24:13.766  INFO 26668 --- [restartedMain] com.netflix.discovery.DiscoveryClient    : Force full registry fetch : false
2022-09-23 11:24:13.766  INFO 26668 --- [restartedMain] com.netflix.discovery.DiscoveryClient    : Application is null : false
2022-09-23 11:24:13.766  INFO 26668 --- [restartedMain] com.netflix.discovery.DiscoveryClient    : Registered Applications size is zero : true
2022-09-23 11:24:13.766  INFO 26668 --- [restartedMain] com.netflix.discovery.DiscoveryClient    : Application version is -1: true
2022-09-23 11:24:13.766  INFO 26668 --- [restartedMain] com.netflix.discovery.DiscoveryClient    : Getting all instance registry info from the eureka server
2022-09-23 11:24:14.632  INFO 26668 --- [restartedMain] com.netflix.discovery.DiscoveryClient    : The response status is 200
2022-09-23 11:24:14.635  INFO 26668 --- [restartedMain] com.netflix.discovery.DiscoveryClient    : Starting heartbeat executor: renew interval is: 30
2022-09-23 11:24:14.637  INFO 26668 --- [restartedMain] c.n.discovery.InstanceInfoReplicator     : InstanceInfoReplicator onDemand update allowed rate per min is 4
2022-09-23 11:24:14.642  INFO 26668 --- [restartedMain] com.netflix.discovery.DiscoveryClient    : Discovery Client initialized at timestamp 1663903454641 with initial instances count: 0
2022-09-23 11:24:14.644  INFO 26668 --- [restartedMain] o.s.c.n.e.s.EurekaServiceRegistry        : Registering application ROUTINE with eureka with status UP
2022-09-23 11:24:14.645  INFO 26668 --- [restartedMain] com.netflix.discovery.DiscoveryClient    : Saw local status change event StatusChangeEvent [timestamp=1663903454645, current=UP, previous=STARTING]
2022-09-23 11:24:14.647  INFO 26668 --- [DiscoveryClient-InstanceInfoReplicator-0] com.netflix.discovery.DiscoveryClient    : DiscoveryClient_ROUTINE/routine-9001: registering service...
2022-09-23 11:24:14.686  INFO 26668 --- [restartedMain] o.s.b.w.embedded.tomcat.TomcatWebServer  : Tomcat started on port(s): 9001 (http) with context path ''
2022-09-23 11:24:14.687  INFO 26668 --- [restartedMain] .s.c.n.e.s.EurekaAutoServiceRegistration : Updating port to 9001
2022-09-23 11:24:14.788  INFO 26668 --- [DiscoveryClient-InstanceInfoReplicator-0] com.netflix.discovery.DiscoveryClient    : DiscoveryClient_ROUTINE/routine-9001 - registration status: 204
2022-09-23 11:24:15.052  INFO 26668 --- [restartedMain] d.s.w.p.DocumentationPluginsBootstrapper : Context refreshed
2022-09-23 11:24:15.072  INFO 26668 --- [restartedMain] d.s.w.p.DocumentationPluginsBootstrapper : Found 1 custom documentation plugin(s)
2022-09-23 11:24:15.108  INFO 26668 --- [restartedMain] s.d.s.w.s.ApiListingReferenceScanner     : Scanning for api listing references
2022-09-23 11:24:15.367  INFO 26668 --- [restartedMain] com.wechat.routine.RoutineApplication    : Started RoutineApplication in 7.944 seconds (JVM running for 9.995)
2022-09-23 11:24:20.034  INFO 26668 --- [scheduling-1] com.zaxxer.hikari.HikariDataSource       : HikariPool-1 - Starting...
2022-09-23 11:24:40.016  INFO 26668 --- [scheduling-1] com.zaxxer.hikari.HikariDataSource       : HikariPool-1 - Starting...
2022-09-23 11:24:44.636  INFO 26668 --- [DiscoveryClient-CacheRefreshExecutor-0] com.netflix.discovery.DiscoveryClient    : Disable delta property : false
2022-09-23 11:24:44.637  INFO 26668 --- [DiscoveryClient-CacheRefreshExecutor-0] com.netflix.discovery.DiscoveryClient    : Single vip registry refresh property : null
2022-09-23 11:24:44.637  INFO 26668 --- [DiscoveryClient-CacheRefreshExecutor-0] com.netflix.discovery.DiscoveryClient    : Force full registry fetch : false
2022-09-23 11:24:44.637  INFO 26668 --- [DiscoveryClient-CacheRefreshExecutor-0] com.netflix.discovery.DiscoveryClient    : Application is null : false
2022-09-23 11:24:44.637  INFO 26668 --- [DiscoveryClient-CacheRefreshExecutor-0] com.netflix.discovery.DiscoveryClient    : Registered Applications size is zero : true
2022-09-23 11:24:44.638  INFO 26668 --- [DiscoveryClient-CacheRefreshExecutor-0] com.netflix.discovery.DiscoveryClient    : Application version is -1: false
2022-09-23 11:24:44.638  INFO 26668 --- [DiscoveryClient-CacheRefreshExecutor-0] com.netflix.discovery.DiscoveryClient    : Getting all instance registry info from the eureka server
2022-09-23 11:24:44.662  INFO 26668 --- [DiscoveryClient-CacheRefreshExecutor-0] com.netflix.discovery.DiscoveryClient    : The response status is 200
2022-09-23 11:25:00.016  INFO 26668 --- [scheduling-1] com.zaxxer.hikari.HikariDataSource       : HikariPool-1 - Starting...
2022-09-23 11:25:20.011  INFO 26668 --- [scheduling-1] com.zaxxer.hikari.HikariDataSource       : HikariPool-1 - Starting...
2022-09-23 11:25:40.007  INFO 26668 --- [scheduling-1] com.zaxxer.hikari.HikariDataSource       : HikariPool-1 - Starting...
2022-09-23 11:25:42.051  INFO 26668 --- [scheduling-1] com.zaxxer.hikari.HikariDataSource       : HikariPool-1 - Start completed.
2022-09-23 11:29:13.781  INFO 26668 --- [AsyncResolver-bootstrap-executor-0] c.n.d.s.r.aws.ConfigClusterResolver      : Resolving eureka endpoints via configuration
2022-09-23 11:34:13.798  INFO 26668 --- [AsyncResolver-bootstrap-executor-0] c.n.d.s.r.aws.ConfigClusterResolver      : Resolving eureka endpoints via configuration
2022-09-23 11:39:13.810  INFO 26668 --- [AsyncResolver-bootstrap-executor-0] c.n.d.s.r.aws.ConfigClusterResolver      : Resolving eureka endpoints via configuration
2022-09-23 11:44:13.821  INFO 26668 --- [AsyncResolver-bootstrap-executor-0] c.n.d.s.r.aws.ConfigClusterResolver      : Resolving eureka endpoints via configuration
2022-09-23 11:49:13.833  INFO 26668 --- [AsyncResolver-bootstrap-executor-0] c.n.d.s.r.aws.ConfigClusterResolver      : Resolving eureka endpoints via configuration
2022-09-23 11:54:13.836  INFO 26668 --- [AsyncResolver-bootstrap-executor-0] c.n.d.s.r.aws.ConfigClusterResolver      : Resolving eureka endpoints via configuration
2022-09-23 11:59:13.847  INFO 26668 --- [AsyncResolver-bootstrap-executor-0] c.n.d.s.r.aws.ConfigClusterResolver      : Resolving eureka endpoints via configuration
2022-09-23 12:04:13.852  INFO 26668 --- [AsyncResolver-bootstrap-executor-0] c.n.d.s.r.aws.ConfigClusterResolver      : Resolving eureka endpoints via configuration
2022-09-23 12:09:13.858  INFO 26668 --- [AsyncResolver-bootstrap-executor-0] c.n.d.s.r.aws.ConfigClusterResolver      : Resolving eureka endpoints via configuration
2022-09-23 12:14:13.869  INFO 26668 --- [AsyncResolver-bootstrap-executor-0] c.n.d.s.r.aws.ConfigClusterResolver      : Resolving eureka endpoints via configuration
2022-09-23 12:19:13.872  INFO 26668 --- [AsyncResolver-bootstrap-executor-0] c.n.d.s.r.aws.ConfigClusterResolver      : Resolving eureka endpoints via configuration
2022-09-23 12:24:13.875  INFO 26668 --- [AsyncResolver-bootstrap-executor-0] c.n.d.s.r.aws.ConfigClusterResolver      : Resolving eureka endpoints via configuration
2022-09-23 12:29:13.891  INFO 26668 --- [AsyncResolver-bootstrap-executor-0] c.n.d.s.r.aws.ConfigClusterResolver      : Resolving eureka endpoints via configuration
2022-09-23 12:34:13.906  INFO 26668 --- [AsyncResolver-bootstrap-executor-0] c.n.d.s.r.aws.ConfigClusterResolver      : Resolving eureka endpoints via configuration
2022-09-23 12:35:13.602  INFO 26668 --- [http-nio-9001-exec-1] o.a.c.c.C.[Tomcat].[localhost].[/]       : Initializing Spring DispatcherServlet 'dispatcherServlet'
2022-09-23 12:35:13.602  INFO 26668 --- [http-nio-9001-exec-1] o.s.web.servlet.DispatcherServlet        : Initializing Servlet 'dispatcherServlet'
2022-09-23 12:35:13.609  INFO 26668 --- [http-nio-9001-exec-1] o.s.web.servlet.DispatcherServlet        : Completed initialization in 6 ms
2022-09-23 12:35:13.675  WARN 26668 --- [http-nio-9001-exec-1] .m.m.a.ExceptionHandlerExceptionResolver : Resolved [java.security.SignatureException: token不能为空]
2022-09-23 12:39:13.913  INFO 26668 --- [AsyncResolver-bootstrap-executor-0] c.n.d.s.r.aws.ConfigClusterResolver      : Resolving eureka endpoints via configuration
2022-09-23 12:44:13.919  INFO 26668 --- [AsyncResolver-bootstrap-executor-0] c.n.d.s.r.aws.ConfigClusterResolver      : Resolving eureka endpoints via configuration
2022-09-23 12:49:13.922  INFO 26668 --- [AsyncResolver-bootstrap-executor-0] c.n.d.s.r.aws.ConfigClusterResolver      : Resolving eureka endpoints via configuration
2022-09-23 12:54:13.936  INFO 26668 --- [AsyncResolver-bootstrap-executor-0] c.n.d.s.r.aws.ConfigClusterResolver      : Resolving eureka endpoints via configuration
2022-09-23 12:59:13.944  INFO 26668 --- [AsyncResolver-bootstrap-executor-0] c.n.d.s.r.aws.ConfigClusterResolver      : Resolving eureka endpoints via configuration
2022-09-23 13:04:13.949  INFO 26668 --- [AsyncResolver-bootstrap-executor-0] c.n.d.s.r.aws.ConfigClusterResolver      : Resolving eureka endpoints via configuration
2022-09-23 13:09:13.963  INFO 26668 --- [AsyncResolver-bootstrap-executor-0] c.n.d.s.r.aws.ConfigClusterResolver      : Resolving eureka endpoints via configuration
2022-09-23 13:14:13.968  INFO 26668 --- [AsyncResolver-bootstrap-executor-0] c.n.d.s.r.aws.ConfigClusterResolver      : Resolving eureka endpoints via configuration
2022-09-23 13:19:13.969  INFO 26668 --- [AsyncResolver-bootstrap-executor-0] c.n.d.s.r.aws.ConfigClusterResolver      : Resolving eureka endpoints via configuration
2022-09-23 13:24:13.984  INFO 26668 --- [AsyncResolver-bootstrap-executor-0] c.n.d.s.r.aws.ConfigClusterResolver      : Resolving eureka endpoints via configuration
2022-09-23 13:29:14.000  INFO 26668 --- [AsyncResolver-bootstrap-executor-0] c.n.d.s.r.aws.ConfigClusterResolver      : Resolving eureka endpoints via configuration
2022-09-23 13:34:14.012  INFO 26668 --- [AsyncResolver-bootstrap-executor-0] c.n.d.s.r.aws.ConfigClusterResolver      : Resolving eureka endpoints via configuration
2022-09-23 13:39:14.022  INFO 26668 --- [AsyncResolver-bootstrap-executor-0] c.n.d.s.r.aws.ConfigClusterResolver      : Resolving eureka endpoints via configuration
2022-09-23 13:44:14.030  INFO 26668 --- [AsyncResolver-bootstrap-executor-0] c.n.d.s.r.aws.ConfigClusterResolver      : Resolving eureka endpoints via configuration
2022-09-23 13:49:14.042  INFO 26668 --- [AsyncResolver-bootstrap-executor-0] c.n.d.s.r.aws.ConfigClusterResolver      : Resolving eureka endpoints via configuration
2022-09-23 13:54:21.115  INFO 26668 --- [AsyncResolver-bootstrap-executor-0] c.n.d.s.r.aws.ConfigClusterResolver      : Resolving eureka endpoints via configuration
2022-09-23 13:54:21.115  WARN 26668 --- [HikariPool-1 housekeeper] com.zaxxer.hikari.pool.HikariPool        : HikariPool-1 - Thread starvation or clock leap detected (housekeeper delta=2m6s616ms339µs300ns).
2022-09-23 13:54:21.115  INFO 26668 --- [http-nio-9001-exec-3] c.w.r.controller.RoutineController       : ======开始添加报障======
2022-09-23 13:54:21.151  INFO 26668 --- [http-nio-9001-exec-3] c.w.r.controller.RoutineController       : ------存在用户更新token------13069485790
2022-09-23 13:54:21.671  INFO 26668 --- [http-nio-9001-exec-3] c.w.r.controller.RoutineController       : ------插入工单------
2022-09-23 13:54:21.681  INFO 26668 --- [http-nio-9001-exec-3] c.w.r.controller.RoutineController       : ------插入工单进度表------
2022-09-23 13:54:21.682  INFO 26668 --- [http-nio-9001-exec-3] c.w.r.controller.RoutineController       : ------通知用户：工单已接收------
2022-09-23 13:54:21.687  INFO 26668 --- [http-nio-9001-exec-3] c.w.r.controller.RoutineController       : -------通知区级管理员-----
2022-09-23 13:54:21.687  INFO 26668 --- [http-nio-9001-exec-3] c.w.r.controller.RoutineController       : ======报障结束======
2022-09-23 13:54:32.643  INFO 26668 --- [http-nio-9001-exec-4] c.w.r.controller.RoutineController       : ======开始添加报障======
2022-09-23 13:54:32.651  INFO 26668 --- [http-nio-9001-exec-4] c.w.r.controller.RoutineController       : ------存在用户更新token------13069485790
2022-09-23 13:54:32.657  INFO 26668 --- [http-nio-9001-exec-4] c.w.r.controller.RoutineController       : ------插入工单------
2022-09-23 13:54:32.658  INFO 26668 --- [http-nio-9001-exec-4] c.w.r.controller.RoutineController       : ------插入工单进度表------
2022-09-23 13:54:32.658  INFO 26668 --- [http-nio-9001-exec-4] c.w.r.controller.RoutineController       : ------通知用户：工单已接收------
2022-09-23 13:54:32.661  INFO 26668 --- [http-nio-9001-exec-4] c.w.r.controller.RoutineController       : -------通知区级管理员-----
2022-09-23 13:54:32.661  INFO 26668 --- [http-nio-9001-exec-4] c.w.r.controller.RoutineController       : ======报障结束======
2022-09-23 13:56:13.338  INFO 26668 --- [http-nio-9001-exec-8] c.w.r.controller.RoutineController       : ------查询报障记录------13069485790
2022-09-23 13:58:34.105  INFO 26668 --- [http-nio-9001-exec-10] c.w.r.controller.RoutineController       : ------查询报障记录------13069485790
2022-09-23 13:58:49.087  INFO 26668 --- [http-nio-9001-exec-1] c.w.r.controller.RoutineController       : ======开始添加报障======
2022-09-23 13:58:49.100  INFO 26668 --- [http-nio-9001-exec-1] c.w.r.controller.RoutineController       : ------存在用户更新token------13069485790
2022-09-23 13:58:49.104  INFO 26668 --- [http-nio-9001-exec-1] c.w.r.controller.RoutineController       : ------插入工单------
2022-09-23 13:58:49.105  INFO 26668 --- [http-nio-9001-exec-1] c.w.r.controller.RoutineController       : ------插入工单进度表------
2022-09-23 13:58:49.106  INFO 26668 --- [http-nio-9001-exec-1] c.w.r.controller.RoutineController       : ------通知用户：工单已接收------
2022-09-23 13:58:49.108  INFO 26668 --- [http-nio-9001-exec-1] c.w.r.controller.RoutineController       : -------通知区级管理员-----
2022-09-23 13:58:49.109  INFO 26668 --- [http-nio-9001-exec-1] c.w.r.controller.RoutineController       : ======报障结束======
2022-09-23 13:59:21.128  INFO 26668 --- [AsyncResolver-bootstrap-executor-0] c.n.d.s.r.aws.ConfigClusterResolver      : Resolving eureka endpoints via configuration
2022-09-23 14:04:21.139  INFO 26668 --- [AsyncResolver-bootstrap-executor-0] c.n.d.s.r.aws.ConfigClusterResolver      : Resolving eureka endpoints via configuration
2022-09-23 14:09:21.149  INFO 26668 --- [AsyncResolver-bootstrap-executor-0] c.n.d.s.r.aws.ConfigClusterResolver      : Resolving eureka endpoints via configuration
2022-09-23 14:10:31.787  INFO 26668 --- [http-nio-9001-exec-10] c.w.r.controller.RoutineController       : ------维护人员登录------www
2022-09-23 14:10:36.708  INFO 26668 --- [http-nio-9001-exec-1] c.w.r.controller.RoutineController       : ------维护人员登录------wwww
2022-09-23 14:13:35.597  WARN 26668 --- [http-nio-9001-exec-2] org.apache.catalina.connector.Request    : Creating the temporary upload location [E:\tempFilePath] as it is required by the servlet [dispatcherServlet]
2022-09-23 14:13:54.135  INFO 26668 --- [http-nio-9001-exec-3] c.w.r.controller.RoutineController       : ======开始添加报障======
2022-09-23 14:13:54.137  INFO 26668 --- [http-nio-9001-exec-3] c.w.r.controller.RoutineController       : ------创建新用户------15864585769
2022-09-23 14:13:54.145  INFO 26668 --- [http-nio-9001-exec-3] c.w.r.controller.RoutineController       : ------插入工单------
2022-09-23 14:13:54.146  INFO 26668 --- [http-nio-9001-exec-3] c.w.r.controller.RoutineController       : ------插入工单进度表------
2022-09-23 14:13:54.147  INFO 26668 --- [http-nio-9001-exec-3] c.w.r.controller.RoutineController       : ------通知用户：工单已接收------
2022-09-23 14:13:54.149  INFO 26668 --- [http-nio-9001-exec-3] c.w.r.controller.RoutineController       : -------通知区级管理员-----
2022-09-23 14:13:54.149  INFO 26668 --- [http-nio-9001-exec-3] c.w.r.controller.RoutineController       : ======报障结束======
2022-09-23 14:14:21.163  INFO 26668 --- [AsyncResolver-bootstrap-executor-0] c.n.d.s.r.aws.ConfigClusterResolver      : Resolving eureka endpoints via configuration
2022-09-23 14:19:21.174  INFO 26668 --- [AsyncResolver-bootstrap-executor-0] c.n.d.s.r.aws.ConfigClusterResolver      : Resolving eureka endpoints via configuration
2022-09-23 14:24:21.179  INFO 26668 --- [AsyncResolver-bootstrap-executor-0] c.n.d.s.r.aws.ConfigClusterResolver      : Resolving eureka endpoints via configuration
2022-09-23 14:29:21.188  INFO 26668 --- [AsyncResolver-bootstrap-executor-0] c.n.d.s.r.aws.ConfigClusterResolver      : Resolving eureka endpoints via configuration
2022-09-23 14:34:21.199  INFO 26668 --- [AsyncResolver-bootstrap-executor-0] c.n.d.s.r.aws.ConfigClusterResolver      : Resolving eureka endpoints via configuration
2022-09-23 14:39:21.206  INFO 26668 --- [AsyncResolver-bootstrap-executor-0] c.n.d.s.r.aws.ConfigClusterResolver      : Resolving eureka endpoints via configuration
2022-09-23 14:44:21.221  INFO 26668 --- [AsyncResolver-bootstrap-executor-0] c.n.d.s.r.aws.ConfigClusterResolver      : Resolving eureka endpoints via configuration
2022-09-23 14:44:58.294  INFO 26668 --- [http-nio-9001-exec-5] c.w.r.controller.RoutineController       : ------维护人员登录------wwwwww
2022-09-23 14:49:21.230  INFO 26668 --- [AsyncResolver-bootstrap-executor-0] c.n.d.s.r.aws.ConfigClusterResolver      : Resolving eureka endpoints via configuration
2022-09-23 14:54:21.244  INFO 26668 --- [AsyncResolver-bootstrap-executor-0] c.n.d.s.r.aws.ConfigClusterResolver      : Resolving eureka endpoints via configuration
2022-09-23 14:54:53.951  WARN 26668 --- [http-nio-9001-exec-6] .m.m.a.ExceptionHandlerExceptionResolver : Resolved [java.security.SignatureException: token不能为空]
2022-09-23 14:56:41.701  INFO 26668 --- [SpringApplicationShutdownHook] o.s.c.n.e.s.EurekaServiceRegistry        : Unregistering application ROUTINE with eureka with status DOWN
2022-09-23 14:56:41.701  INFO 26668 --- [SpringApplicationShutdownHook] com.netflix.discovery.DiscoveryClient    : Saw local status change event StatusChangeEvent [timestamp=1663916201701, current=DOWN, previous=UP]
2022-09-23 14:56:41.701  INFO 26668 --- [DiscoveryClient-InstanceInfoReplicator-0] com.netflix.discovery.DiscoveryClient    : DiscoveryClient_ROUTINE/routine-9001: registering service...
2022-09-23 14:56:41.722  INFO 26668 --- [DiscoveryClient-InstanceInfoReplicator-0] com.netflix.discovery.DiscoveryClient    : DiscoveryClient_ROUTINE/routine-9001 - registration status: 204
2022-09-23 14:56:41.954  INFO 26668 --- [SpringApplicationShutdownHook] com.zaxxer.hikari.HikariDataSource       : HikariPool-1 - Shutdown initiated...
2022-09-23 14:56:41.958  INFO 26668 --- [SpringApplicationShutdownHook] com.zaxxer.hikari.HikariDataSource       : HikariPool-1 - Shutdown completed.
2022-09-23 14:56:41.959  INFO 26668 --- [SpringApplicationShutdownHook] com.netflix.discovery.DiscoveryClient    : Shutting down DiscoveryClient ...
2022-09-23 14:56:44.963  INFO 26668 --- [SpringApplicationShutdownHook] com.netflix.discovery.DiscoveryClient    : Unregistering ...
2022-09-23 14:56:44.980  INFO 26668 --- [SpringApplicationShutdownHook] com.netflix.discovery.DiscoveryClient    : DiscoveryClient_ROUTINE/routine-9001 - deregister  status: 200
2022-09-23 14:56:44.989  INFO 26668 --- [SpringApplicationShutdownHook] com.netflix.discovery.DiscoveryClient    : Completed shut down of DiscoveryClient
2022-09-23 14:56:49.452  INFO 20752 --- [restartedMain] com.wechat.routine.RoutineApplication    : Starting RoutineApplication using Java 1.8.0_333 on DESKTOP-8P780U0 with PID 20752 (C:\Users\huangfuluyu\IdeaProjects\small-routine\routine\target\classes started by huangfuluyu in C:\Users\huangfuluyu\IdeaProjects\small-routine)
2022-09-23 14:56:49.454  INFO 20752 --- [restartedMain] com.wechat.routine.RoutineApplication    : No active profile set, falling back to 1 default profile: "default"
2022-09-23 14:56:49.519  INFO 20752 --- [restartedMain] .e.DevToolsPropertyDefaultsPostProcessor : Devtools property defaults active! Set 'spring.devtools.add-properties' to 'false' to disable
2022-09-23 14:56:49.519  INFO 20752 --- [restartedMain] .e.DevToolsPropertyDefaultsPostProcessor : For additional web related logging consider setting the 'logging.level.web' property to 'DEBUG'
2022-09-23 14:56:50.970  INFO 20752 --- [restartedMain] o.s.cloud.context.scope.GenericScope     : BeanFactory id=3b6fad03-7f41-3648-a3f8-40e1b21be003
2022-09-23 14:56:51.724  INFO 20752 --- [restartedMain] o.s.b.w.embedded.tomcat.TomcatWebServer  : Tomcat initialized with port(s): 9001 (http)
2022-09-23 14:56:51.735  INFO 20752 --- [restartedMain] o.apache.catalina.core.StandardService   : Starting service [Tomcat]
2022-09-23 14:56:51.736  INFO 20752 --- [restartedMain] org.apache.catalina.core.StandardEngine  : Starting Servlet engine: [Apache Tomcat/9.0.58]
2022-09-23 14:56:51.871  INFO 20752 --- [restartedMain] o.a.c.c.C.[Tomcat].[localhost].[/]       : Initializing Spring embedded WebApplicationContext
2022-09-23 14:56:51.871  INFO 20752 --- [restartedMain] w.s.c.ServletWebServerApplicationContext : Root WebApplicationContext: initialization completed in 2351 ms
2022-09-23 14:56:52.740  INFO 20752 --- [restartedMain] pertySourcedRequestMappingHandlerMapping : Mapped URL path [/v2/api-docs] onto method [springfox.documentation.swagger2.web.Swagger2Controller#getDocumentation(String, HttpServletRequest)]
2022-09-23 14:56:52.877  WARN 20752 --- [restartedMain] o.s.b.d.a.OptionalLiveReloadServer       : Unable to start LiveReload server
2022-09-23 14:56:53.571  INFO 20752 --- [restartedMain] DiscoveryClientOptionalArgsConfiguration : Eureka HTTP Client uses RestTemplate.
2022-09-23 14:56:54.020  WARN 20752 --- [restartedMain] iguration$LoadBalancerCaffeineWarnLogger : Spring Cloud LoadBalancer is currently working with the default cache. While this cache implementation is useful for development and tests, it's recommended to use Caffeine cache in production.You can switch to using Caffeine cache, by adding it and org.springframework.cache.caffeine.CaffeineCacheManager to the classpath.
2022-09-23 14:56:54.113  INFO 20752 --- [restartedMain] o.s.c.n.eureka.InstanceInfoFactory       : Setting initial instance status as: STARTING
2022-09-23 14:56:54.145  INFO 20752 --- [restartedMain] com.netflix.discovery.DiscoveryClient    : Initializing Eureka in region us-east-1
2022-09-23 14:56:54.150  INFO 20752 --- [restartedMain] c.n.d.s.r.aws.ConfigClusterResolver      : Resolving eureka endpoints via configuration
2022-09-23 14:56:54.174  INFO 20752 --- [restartedMain] com.netflix.discovery.DiscoveryClient    : Disable delta property : false
2022-09-23 14:56:54.174  INFO 20752 --- [restartedMain] com.netflix.discovery.DiscoveryClient    : Single vip registry refresh property : null
2022-09-23 14:56:54.174  INFO 20752 --- [restartedMain] com.netflix.discovery.DiscoveryClient    : Force full registry fetch : false
2022-09-23 14:56:54.174  INFO 20752 --- [restartedMain] com.netflix.discovery.DiscoveryClient    : Application is null : false
2022-09-23 14:56:54.174  INFO 20752 --- [restartedMain] com.netflix.discovery.DiscoveryClient    : Registered Applications size is zero : true
2022-09-23 14:56:54.174  INFO 20752 --- [restartedMain] com.netflix.discovery.DiscoveryClient    : Application version is -1: true
2022-09-23 14:56:54.175  INFO 20752 --- [restartedMain] com.netflix.discovery.DiscoveryClient    : Getting all instance registry info from the eureka server
2022-09-23 14:56:54.952  INFO 20752 --- [restartedMain] com.netflix.discovery.DiscoveryClient    : The response status is 200
2022-09-23 14:56:54.956  INFO 20752 --- [restartedMain] com.netflix.discovery.DiscoveryClient    : Starting heartbeat executor: renew interval is: 30
2022-09-23 14:56:54.958  INFO 20752 --- [restartedMain] c.n.discovery.InstanceInfoReplicator     : InstanceInfoReplicator onDemand update allowed rate per min is 4
2022-09-23 14:56:54.963  INFO 20752 --- [restartedMain] com.netflix.discovery.DiscoveryClient    : Discovery Client initialized at timestamp 1663916214962 with initial instances count: 2
2022-09-23 14:56:54.965  INFO 20752 --- [restartedMain] o.s.c.n.e.s.EurekaServiceRegistry        : Registering application ROUTINE with eureka with status UP
2022-09-23 14:56:54.965  INFO 20752 --- [restartedMain] com.netflix.discovery.DiscoveryClient    : Saw local status change event StatusChangeEvent [timestamp=1663916214965, current=UP, previous=STARTING]
2022-09-23 14:56:54.967  INFO 20752 --- [DiscoveryClient-InstanceInfoReplicator-0] com.netflix.discovery.DiscoveryClient    : DiscoveryClient_ROUTINE/routine-9001: registering service...
2022-09-23 14:56:54.991  INFO 20752 --- [restartedMain] o.s.b.w.embedded.tomcat.TomcatWebServer  : Tomcat started on port(s): 9001 (http) with context path ''
2022-09-23 14:56:54.992  INFO 20752 --- [restartedMain] .s.c.n.e.s.EurekaAutoServiceRegistration : Updating port to 9001
2022-09-23 14:56:55.016  INFO 20752 --- [DiscoveryClient-InstanceInfoReplicator-0] com.netflix.discovery.DiscoveryClient    : DiscoveryClient_ROUTINE/routine-9001 - registration status: 204
2022-09-23 14:56:55.354  INFO 20752 --- [restartedMain] d.s.w.p.DocumentationPluginsBootstrapper : Context refreshed
2022-09-23 14:56:55.374  INFO 20752 --- [restartedMain] d.s.w.p.DocumentationPluginsBootstrapper : Found 1 custom documentation plugin(s)
2022-09-23 14:56:55.394  INFO 20752 --- [http-nio-9001-exec-1] o.a.c.c.C.[Tomcat].[localhost].[/]       : Initializing Spring DispatcherServlet 'dispatcherServlet'
2022-09-23 14:56:55.394  INFO 20752 --- [http-nio-9001-exec-1] o.s.web.servlet.DispatcherServlet        : Initializing Servlet 'dispatcherServlet'
2022-09-23 14:56:55.395  INFO 20752 --- [http-nio-9001-exec-1] o.s.web.servlet.DispatcherServlet        : Completed initialization in 1 ms
2022-09-23 14:56:55.411  INFO 20752 --- [restartedMain] s.d.s.w.s.ApiListingReferenceScanner     : Scanning for api listing references
2022-09-23 14:56:55.832  INFO 20752 --- [restartedMain] com.wechat.routine.RoutineApplication    : Started RoutineApplication in 7.442 seconds (JVM running for 8.58)
2022-09-23 14:56:55.875  INFO 20752 --- [http-nio-9001-exec-1] com.zaxxer.hikari.HikariDataSource       : HikariPool-1 - Starting...
2022-09-23 14:56:56.014  INFO 20752 --- [http-nio-9001-exec-1] com.zaxxer.hikari.HikariDataSource       : HikariPool-1 - Start completed.
2022-09-23 15:00:49.953  INFO 20752 --- [http-nio-9001-exec-5] c.w.r.controller.RoutineController       : ------查询报障记录------13069485790
2022-09-23 15:01:15.144  INFO 20752 --- [http-nio-9001-exec-3] c.w.r.controller.RoutineController       : ======开始添加报障======
2022-09-23 15:01:15.158  INFO 20752 --- [http-nio-9001-exec-3] c.w.r.controller.RoutineController       : ------存在用户更新token------13069485790
2022-09-23 15:01:15.240  INFO 20752 --- [http-nio-9001-exec-3] c.w.r.controller.RoutineController       : ------插入工单------
2022-09-23 15:01:15.248  INFO 20752 --- [http-nio-9001-exec-3] c.w.r.controller.RoutineController       : ------插入工单进度表------
2022-09-23 15:01:15.249  INFO 20752 --- [http-nio-9001-exec-3] c.w.r.controller.RoutineController       : ------通知用户：工单已接收------
2022-09-23 15:01:15.252  INFO 20752 --- [http-nio-9001-exec-3] c.w.r.controller.RoutineController       : -------通知区级管理员-----
2022-09-23 15:01:15.252  INFO 20752 --- [http-nio-9001-exec-3] c.w.r.controller.RoutineController       : ======报障结束======
2022-09-23 15:01:22.606  INFO 20752 --- [http-nio-9001-exec-4] c.w.r.controller.RoutineController       : ------查询报障记录------13069485790
2022-09-23 15:01:54.187  INFO 20752 --- [AsyncResolver-bootstrap-executor-0] c.n.d.s.r.aws.ConfigClusterResolver      : Resolving eureka endpoints via configuration
2022-09-23 15:03:48.673  INFO 20752 --- [http-nio-9001-exec-1] c.w.r.controller.RoutineController       : ======开始添加报障======
2022-09-23 15:03:48.688  INFO 20752 --- [http-nio-9001-exec-1] c.w.r.controller.RoutineController       : ------创建新用户------13856482649
2022-09-23 15:03:48.695  INFO 20752 --- [http-nio-9001-exec-1] c.w.r.controller.RoutineController       : ------插入工单------
2022-09-23 15:03:48.696  INFO 20752 --- [http-nio-9001-exec-1] c.w.r.controller.RoutineController       : ------插入工单进度表------
2022-09-23 15:03:48.697  INFO 20752 --- [http-nio-9001-exec-1] c.w.r.controller.RoutineController       : ------通知用户：工单已接收------
2022-09-23 15:03:48.698  INFO 20752 --- [http-nio-9001-exec-1] c.w.r.controller.RoutineController       : -------通知区级管理员-----
2022-09-23 15:03:48.699  INFO 20752 --- [http-nio-9001-exec-1] c.w.r.controller.RoutineController       : ======报障结束======
2022-09-23 15:04:18.251  INFO 20752 --- [http-nio-9001-exec-6] c.w.r.controller.RoutineController       : ------修改报障记录信息------
2022-09-23 15:06:54.189  INFO 20752 --- [AsyncResolver-bootstrap-executor-0] c.n.d.s.r.aws.ConfigClusterResolver      : Resolving eureka endpoints via configuration
2022-09-23 15:11:54.197  INFO 20752 --- [AsyncResolver-bootstrap-executor-0] c.n.d.s.r.aws.ConfigClusterResolver      : Resolving eureka endpoints via configuration
2022-09-23 15:16:54.205  INFO 20752 --- [AsyncResolver-bootstrap-executor-0] c.n.d.s.r.aws.ConfigClusterResolver      : Resolving eureka endpoints via configuration
2022-09-23 15:20:23.213  INFO 20752 --- [http-nio-9001-exec-2] c.w.r.controller.RoutineController       : ======开始添加报障======
2022-09-23 15:20:23.216  INFO 20752 --- [http-nio-9001-exec-2] c.w.r.controller.RoutineController       : ------创建新用户------136985437960
2022-09-23 15:20:23.231  INFO 20752 --- [http-nio-9001-exec-2] c.w.r.controller.RoutineController       : ------插入工单------
2022-09-23 15:20:23.232  INFO 20752 --- [http-nio-9001-exec-2] c.w.r.controller.RoutineController       : ------插入工单进度表------
2022-09-23 15:20:23.233  INFO 20752 --- [http-nio-9001-exec-2] c.w.r.controller.RoutineController       : ------通知用户：工单已接收------
2022-09-23 15:20:23.236  INFO 20752 --- [http-nio-9001-exec-2] c.w.r.controller.RoutineController       : -------通知区级管理员-----
2022-09-23 15:20:23.236  INFO 20752 --- [http-nio-9001-exec-2] c.w.r.controller.RoutineController       : ======报障结束======
2022-09-23 15:21:54.218  INFO 20752 --- [AsyncResolver-bootstrap-executor-0] c.n.d.s.r.aws.ConfigClusterResolver      : Resolving eureka endpoints via configuration
2022-09-23 15:22:25.248  INFO 20752 --- [http-nio-9001-exec-2] c.w.r.controller.RoutineController       : ------维护人员登录------wwwww
2022-09-23 15:22:33.759  INFO 20752 --- [http-nio-9001-exec-4] c.w.r.controller.RoutineController       : ------维护人员登录------wwwwww
2022-09-23 15:22:43.165  INFO 20752 --- [http-nio-9001-exec-5] c.w.r.controller.RoutineController       : ------维护人员登录------wwwwww
2022-09-23 15:22:50.964  INFO 20752 --- [http-nio-9001-exec-7] c.w.r.controller.RoutineController       : ------维护人员登录------wwwwww
2022-09-23 15:26:54.219  INFO 20752 --- [AsyncResolver-bootstrap-executor-0] c.n.d.s.r.aws.ConfigClusterResolver      : Resolving eureka endpoints via configuration
2022-09-23 15:31:54.220  INFO 20752 --- [AsyncResolver-bootstrap-executor-0] c.n.d.s.r.aws.ConfigClusterResolver      : Resolving eureka endpoints via configuration
2022-09-23 15:36:54.223  INFO 20752 --- [AsyncResolver-bootstrap-executor-0] c.n.d.s.r.aws.ConfigClusterResolver      : Resolving eureka endpoints via configuration
2022-09-23 15:41:54.225  INFO 20752 --- [AsyncResolver-bootstrap-executor-0] c.n.d.s.r.aws.ConfigClusterResolver      : Resolving eureka endpoints via configuration
2022-09-23 15:46:54.238  INFO 20752 --- [AsyncResolver-bootstrap-executor-0] c.n.d.s.r.aws.ConfigClusterResolver      : Resolving eureka endpoints via configuration
2022-09-23 15:51:54.249  INFO 20752 --- [AsyncResolver-bootstrap-executor-0] c.n.d.s.r.aws.ConfigClusterResolver      : Resolving eureka endpoints via configuration
2022-09-23 15:56:54.260  INFO 20752 --- [AsyncResolver-bootstrap-executor-0] c.n.d.s.r.aws.ConfigClusterResolver      : Resolving eureka endpoints via configuration
2022-09-23 16:01:54.274  INFO 20752 --- [AsyncResolver-bootstrap-executor-0] c.n.d.s.r.aws.ConfigClusterResolver      : Resolving eureka endpoints via configuration
2022-09-23 16:06:54.276  INFO 20752 --- [AsyncResolver-bootstrap-executor-0] c.n.d.s.r.aws.ConfigClusterResolver      : Resolving eureka endpoints via configuration
2022-09-23 16:11:54.279  INFO 20752 --- [AsyncResolver-bootstrap-executor-0] c.n.d.s.r.aws.ConfigClusterResolver      : Resolving eureka endpoints via configuration
2022-09-23 16:16:54.293  INFO 20752 --- [AsyncResolver-bootstrap-executor-0] c.n.d.s.r.aws.ConfigClusterResolver      : Resolving eureka endpoints via configuration
2022-09-23 16:21:54.307  INFO 20752 --- [AsyncResolver-bootstrap-executor-0] c.n.d.s.r.aws.ConfigClusterResolver      : Resolving eureka endpoints via configuration
2022-09-23 16:26:54.309  INFO 20752 --- [AsyncResolver-bootstrap-executor-0] c.n.d.s.r.aws.ConfigClusterResolver      : Resolving eureka endpoints via configuration
2022-09-23 16:31:54.325  INFO 20752 --- [AsyncResolver-bootstrap-executor-0] c.n.d.s.r.aws.ConfigClusterResolver      : Resolving eureka endpoints via configuration
2022-09-23 16:36:54.340  INFO 20752 --- [AsyncResolver-bootstrap-executor-0] c.n.d.s.r.aws.ConfigClusterResolver      : Resolving eureka endpoints via configuration
2022-09-23 16:41:54.349  INFO 20752 --- [AsyncResolver-bootstrap-executor-0] c.n.d.s.r.aws.ConfigClusterResolver      : Resolving eureka endpoints via configuration
2022-09-23 16:46:54.359  INFO 20752 --- [AsyncResolver-bootstrap-executor-0] c.n.d.s.r.aws.ConfigClusterResolver      : Resolving eureka endpoints via configuration
2022-09-23 16:51:54.361  INFO 20752 --- [AsyncResolver-bootstrap-executor-0] c.n.d.s.r.aws.ConfigClusterResolver      : Resolving eureka endpoints via configuration
2022-09-23 16:56:54.374  INFO 20752 --- [AsyncResolver-bootstrap-executor-0] c.n.d.s.r.aws.ConfigClusterResolver      : Resolving eureka endpoints via configuration
2022-09-23 17:01:54.391  INFO 20752 --- [AsyncResolver-bootstrap-executor-0] c.n.d.s.r.aws.ConfigClusterResolver      : Resolving eureka endpoints via configuration
2022-09-23 17:06:54.402  INFO 20752 --- [AsyncResolver-bootstrap-executor-0] c.n.d.s.r.aws.ConfigClusterResolver      : Resolving eureka endpoints via configuration
2022-09-23 17:11:54.415  INFO 20752 --- [AsyncResolver-bootstrap-executor-0] c.n.d.s.r.aws.ConfigClusterResolver      : Resolving eureka endpoints via configuration
2022-09-23 17:16:54.423  INFO 20752 --- [AsyncResolver-bootstrap-executor-0] c.n.d.s.r.aws.ConfigClusterResolver      : Resolving eureka endpoints via configuration
2022-09-23 17:21:35.692  WARN 20752 --- [http-nio-9001-exec-8] .m.m.a.ExceptionHandlerExceptionResolver : Resolved [java.security.SignatureException: token不能为空]
2022-09-23 17:21:54.429  INFO 20752 --- [AsyncResolver-bootstrap-executor-0] c.n.d.s.r.aws.ConfigClusterResolver      : Resolving eureka endpoints via configuration
2022-09-23 17:26:54.438  INFO 20752 --- [AsyncResolver-bootstrap-executor-0] c.n.d.s.r.aws.ConfigClusterResolver      : Resolving eureka endpoints via configuration
2022-09-23 17:31:54.440  INFO 20752 --- [AsyncResolver-bootstrap-executor-0] c.n.d.s.r.aws.ConfigClusterResolver      : Resolving eureka endpoints via configuration
2022-09-23 17:36:54.455  INFO 20752 --- [AsyncResolver-bootstrap-executor-0] c.n.d.s.r.aws.ConfigClusterResolver      : Resolving eureka endpoints via configuration
2022-09-23 17:41:54.455  INFO 20752 --- [AsyncResolver-bootstrap-executor-0] c.n.d.s.r.aws.ConfigClusterResolver      : Resolving eureka endpoints via configuration
2022-09-23 17:46:54.465  INFO 20752 --- [AsyncResolver-bootstrap-executor-0] c.n.d.s.r.aws.ConfigClusterResolver      : Resolving eureka endpoints via configuration
2022-09-23 17:51:54.467  INFO 20752 --- [AsyncResolver-bootstrap-executor-0] c.n.d.s.r.aws.ConfigClusterResolver      : Resolving eureka endpoints via configuration
2022-09-23 17:52:40.005  INFO 20752 --- [scheduling-1] com.wechat.routine.task.WorkMsgTask      : ---------------超时1小时，通知维护人员---------------
2022-09-23 17:53:40.012  INFO 20752 --- [scheduling-1] com.wechat.routine.task.WorkMsgTask      : ---------------超时1小时，通知维护人员---------------
2022-09-23 17:56:54.470  INFO 20752 --- [AsyncResolver-bootstrap-executor-0] c.n.d.s.r.aws.ConfigClusterResolver      : Resolving eureka endpoints via configuration
2022-09-23 18:01:54.485  INFO 20752 --- [AsyncResolver-bootstrap-executor-0] c.n.d.s.r.aws.ConfigClusterResolver      : Resolving eureka endpoints via configuration
2022-09-23 18:02:26.902  INFO 20752 --- [SpringApplicationShutdownHook] o.s.c.n.e.s.EurekaServiceRegistry        : Unregistering application ROUTINE with eureka with status DOWN
2022-09-23 18:02:26.902  INFO 20752 --- [SpringApplicationShutdownHook] com.netflix.discovery.DiscoveryClient    : Saw local status change event StatusChangeEvent [timestamp=1663927346902, current=DOWN, previous=UP]
2022-09-23 18:02:26.902  INFO 20752 --- [DiscoveryClient-InstanceInfoReplicator-0] com.netflix.discovery.DiscoveryClient    : DiscoveryClient_ROUTINE/routine-9001: registering service...
2022-09-23 18:02:26.929  INFO 20752 --- [DiscoveryClient-InstanceInfoReplicator-0] com.netflix.discovery.DiscoveryClient    : DiscoveryClient_ROUTINE/routine-9001 - registration status: 204
2022-09-23 18:02:27.205  INFO 20752 --- [SpringApplicationShutdownHook] com.zaxxer.hikari.HikariDataSource       : HikariPool-1 - Shutdown initiated...
2022-09-23 18:02:27.210  INFO 20752 --- [SpringApplicationShutdownHook] com.zaxxer.hikari.HikariDataSource       : HikariPool-1 - Shutdown completed.
2022-09-23 18:02:27.210  INFO 20752 --- [SpringApplicationShutdownHook] com.netflix.discovery.DiscoveryClient    : Shutting down DiscoveryClient ...
2022-09-23 18:02:30.221  INFO 20752 --- [SpringApplicationShutdownHook] com.netflix.discovery.DiscoveryClient    : Unregistering ...
2022-09-23 18:02:34.292  INFO 20752 --- [SpringApplicationShutdownHook] c.n.d.s.t.d.RedirectingEurekaHttpClient  : Request execution error. endpoint=DefaultEndpoint{ serviceUrl='http://localhost:8001/eureka/} exception=I/O error on DELETE request for "http://localhost:8001/eureka/apps/ROUTINE/routine-9001": Connect to localhost:8001 [localhost/127.0.0.1, localhost/0:0:0:0:0:0:0:1] failed: Connection refused: connect; nested exception is org.apache.http.conn.HttpHostConnectException: Connect to localhost:8001 [localhost/127.0.0.1, localhost/0:0:0:0:0:0:0:1] failed: Connection refused: connect stacktrace=org.springframework.web.client.ResourceAccessException: I/O error on DELETE request for "http://localhost:8001/eureka/apps/ROUTINE/routine-9001": Connect to localhost:8001 [localhost/127.0.0.1, localhost/0:0:0:0:0:0:0:1] failed: Connection refused: connect; nested exception is org.apache.http.conn.HttpHostConnectException: Connect to localhost:8001 [localhost/127.0.0.1, localhost/0:0:0:0:0:0:0:1] failed: Connection refused: connect
	at org.springframework.web.client.RestTemplate.doExecute(RestTemplate.java:785)
	at org.springframework.web.client.RestTemplate.execute(RestTemplate.java:711)
	at org.springframework.web.client.RestTemplate.exchange(RestTemplate.java:602)
	at org.springframework.cloud.netflix.eureka.http.RestTemplateEurekaHttpClient.cancel(RestTemplateEurekaHttpClient.java:87)
	at com.netflix.discovery.shared.transport.decorator.EurekaHttpClientDecorator$2.execute(EurekaHttpClientDecorator.java:74)
	at com.netflix.discovery.shared.transport.decorator.RedirectingEurekaHttpClient.execute(RedirectingEurekaHttpClient.java:91)
	at com.netflix.discovery.shared.transport.decorator.EurekaHttpClientDecorator.cancel(EurekaHttpClientDecorator.java:71)
	at com.netflix.discovery.shared.transport.decorator.EurekaHttpClientDecorator$2.execute(EurekaHttpClientDecorator.java:74)
	at com.netflix.discovery.shared.transport.decorator.RetryableEurekaHttpClient.execute(RetryableEurekaHttpClient.java:120)
	at com.netflix.discovery.shared.transport.decorator.EurekaHttpClientDecorator.cancel(EurekaHttpClientDecorator.java:71)
	at com.netflix.discovery.shared.transport.decorator.EurekaHttpClientDecorator$2.execute(EurekaHttpClientDecorator.java:74)
	at com.netflix.discovery.shared.transport.decorator.SessionedEurekaHttpClient.execute(SessionedEurekaHttpClient.java:77)
	at com.netflix.discovery.shared.transport.decorator.EurekaHttpClientDecorator.cancel(EurekaHttpClientDecorator.java:71)
	at com.netflix.discovery.DiscoveryClient.unregister(DiscoveryClient.java:972)
	at com.netflix.discovery.DiscoveryClient.shutdown(DiscoveryClient.java:948)
	at sun.reflect.NativeMethodAccessorImpl.invoke0(Native Method)
	at sun.reflect.NativeMethodAccessorImpl.invoke(NativeMethodAccessorImpl.java:62)
	at sun.reflect.DelegatingMethodAccessorImpl.invoke(DelegatingMethodAccessorImpl.java:43)
	at java.lang.reflect.Method.invoke(Method.java:498)
	at org.springframework.beans.factory.annotation.InitDestroyAnnotationBeanPostProcessor$LifecycleElement.invoke(InitDestroyAnnotationBeanPostProcessor.java:389)
	at org.springframework.beans.factory.annotation.InitDestroyAnnotationBeanPostProcessor$LifecycleMetadata.invokeDestroyMethods(InitDestroyAnnotationBeanPostProcessor.java:347)
	at org.springframework.beans.factory.annotation.InitDestroyAnnotationBeanPostProcessor.postProcessBeforeDestruction(InitDestroyAnnotationBeanPostProcessor.java:177)
	at org.springframework.beans.factory.support.DisposableBeanAdapter.destroy(DisposableBeanAdapter.java:197)
	at org.springframework.beans.factory.support.DisposableBeanAdapter.run(DisposableBeanAdapter.java:190)
	at org.springframework.cloud.context.scope.GenericScope$BeanLifecycleWrapper.destroy(GenericScope.java:390)
	at org.springframework.cloud.context.scope.GenericScope.destroy(GenericScope.java:136)
	at org.springframework.beans.factory.support.DisposableBeanAdapter.destroy(DisposableBeanAdapter.java:213)
	at org.springframework.beans.factory.support.DefaultSingletonBeanRegistry.destroyBean(DefaultSingletonBeanRegistry.java:587)
	at org.springframework.beans.factory.support.DefaultSingletonBeanRegistry.destroySingleton(DefaultSingletonBeanRegistry.java:559)
	at org.springframework.beans.factory.support.DefaultListableBeanFactory.destroySingleton(DefaultListableBeanFactory.java:1161)
	at org.springframework.beans.factory.support.DefaultSingletonBeanRegistry.destroySingletons(DefaultSingletonBeanRegistry.java:520)
	at org.springframework.beans.factory.support.DefaultListableBeanFactory.destroySingletons(DefaultListableBeanFactory.java:1154)
	at org.springframework.context.support.AbstractApplicationContext.destroyBeans(AbstractApplicationContext.java:1106)
	at org.springframework.context.support.AbstractApplicationContext.doClose(AbstractApplicationContext.java:1075)
	at org.springframework.boot.web.servlet.context.ServletWebServerApplicationContext.doClose(ServletWebServerApplicationContext.java:172)
	at org.springframework.context.support.AbstractApplicationContext.close(AbstractApplicationContext.java:1021)
	at org.springframework.boot.SpringApplicationShutdownHook.closeAndWait(SpringApplicationShutdownHook.java:145)
	at java.lang.Iterable.forEach(Iterable.java:75)
	at org.springframework.boot.SpringApplicationShutdownHook.run(SpringApplicationShutdownHook.java:114)
	at java.lang.Thread.run(Thread.java:750)
Caused by: org.apache.http.conn.HttpHostConnectException: Connect to localhost:8001 [localhost/127.0.0.1, localhost/0:0:0:0:0:0:0:1] failed: Connection refused: connect
	at org.apache.http.impl.conn.DefaultHttpClientConnectionOperator.connect(DefaultHttpClientConnectionOperator.java:156)
	at org.apache.http.impl.conn.PoolingHttpClientConnectionManager.connect(PoolingHttpClientConnectionManager.java:376)
	at org.apache.http.impl.execchain.MainClientExec.establishRoute(MainClientExec.java:393)
	at org.apache.http.impl.execchain.MainClientExec.execute(MainClientExec.java:236)
	at org.apache.http.impl.execchain.ProtocolExec.execute(ProtocolExec.java:186)
	at org.apache.http.impl.execchain.RetryExec.execute(RetryExec.java:89)
	at org.apache.http.impl.execchain.RedirectExec.execute(RedirectExec.java:110)
	at org.apache.http.impl.client.InternalHttpClient.doExecute(InternalHttpClient.java:185)
	at org.apache.http.impl.client.CloseableHttpClient.execute(CloseableHttpClient.java:83)
	at org.apache.http.impl.client.CloseableHttpClient.execute(CloseableHttpClient.java:56)
	at org.springframework.http.client.HttpComponentsClientHttpRequest.executeInternal(HttpComponentsClientHttpRequest.java:87)
	at org.springframework.http.client.AbstractBufferingClientHttpRequest.executeInternal(AbstractBufferingClientHttpRequest.java:48)
	at org.springframework.http.client.AbstractClientHttpRequest.execute(AbstractClientHttpRequest.java:66)
	at org.springframework.web.client.RestTemplate.doExecute(RestTemplate.java:776)
	... 39 more
Caused by: java.net.ConnectException: Connection refused: connect
	at java.net.DualStackPlainSocketImpl.connect0(Native Method)
	at java.net.DualStackPlainSocketImpl.socketConnect(DualStackPlainSocketImpl.java:75)
	at java.net.AbstractPlainSocketImpl.doConnect(AbstractPlainSocketImpl.java:476)
	at java.net.AbstractPlainSocketImpl.connectToAddress(AbstractPlainSocketImpl.java:218)
	at java.net.AbstractPlainSocketImpl.connect(AbstractPlainSocketImpl.java:200)
	at java.net.PlainSocketImpl.connect(PlainSocketImpl.java:162)
	at java.net.SocksSocketImpl.connect(SocksSocketImpl.java:394)
	at java.net.Socket.connect(Socket.java:606)
	at org.apache.http.conn.socket.PlainConnectionSocketFactory.connectSocket(PlainConnectionSocketFactory.java:75)
	at org.apache.http.impl.conn.DefaultHttpClientConnectionOperator.connect(DefaultHttpClientConnectionOperator.java:142)
	... 52 more

2022-09-23 18:02:34.292  WARN 20752 --- [SpringApplicationShutdownHook] c.n.d.s.t.d.RetryableEurekaHttpClient    : Request execution failed with message: I/O error on DELETE request for "http://localhost:8001/eureka/apps/ROUTINE/routine-9001": Connect to localhost:8001 [localhost/127.0.0.1, localhost/0:0:0:0:0:0:0:1] failed: Connection refused: connect; nested exception is org.apache.http.conn.HttpHostConnectException: Connect to localhost:8001 [localhost/127.0.0.1, localhost/0:0:0:0:0:0:0:1] failed: Connection refused: connect
2022-09-23 18:02:38.370  INFO 20752 --- [SpringApplicationShutdownHook] c.n.d.s.t.d.RedirectingEurekaHttpClient  : Request execution error. endpoint=DefaultEndpoint{ serviceUrl='http://localhost:8001/eureka/}, exception=I/O error on DELETE request for "http://localhost:8001/eureka/apps/ROUTINE/routine-9001": Connect to localhost:8001 [localhost/127.0.0.1, localhost/0:0:0:0:0:0:0:1] failed: Connection refused: connect; nested exception is org.apache.http.conn.HttpHostConnectException: Connect to localhost:8001 [localhost/127.0.0.1, localhost/0:0:0:0:0:0:0:1] failed: Connection refused: connect stacktrace=org.springframework.web.client.ResourceAccessException: I/O error on DELETE request for "http://localhost:8001/eureka/apps/ROUTINE/routine-9001": Connect to localhost:8001 [localhost/127.0.0.1, localhost/0:0:0:0:0:0:0:1] failed: Connection refused: connect; nested exception is org.apache.http.conn.HttpHostConnectException: Connect to localhost:8001 [localhost/127.0.0.1, localhost/0:0:0:0:0:0:0:1] failed: Connection refused: connect
	at org.springframework.web.client.RestTemplate.doExecute(RestTemplate.java:785)
	at org.springframework.web.client.RestTemplate.execute(RestTemplate.java:711)
	at org.springframework.web.client.RestTemplate.exchange(RestTemplate.java:602)
	at org.springframework.cloud.netflix.eureka.http.RestTemplateEurekaHttpClient.cancel(RestTemplateEurekaHttpClient.java:87)
	at com.netflix.discovery.shared.transport.decorator.EurekaHttpClientDecorator$2.execute(EurekaHttpClientDecorator.java:74)
	at com.netflix.discovery.shared.transport.decorator.RedirectingEurekaHttpClient.executeOnNewServer(RedirectingEurekaHttpClient.java:121)
	at com.netflix.discovery.shared.transport.decorator.RedirectingEurekaHttpClient.execute(RedirectingEurekaHttpClient.java:80)
	at com.netflix.discovery.shared.transport.decorator.EurekaHttpClientDecorator.cancel(EurekaHttpClientDecorator.java:71)
	at com.netflix.discovery.shared.transport.decorator.EurekaHttpClientDecorator$2.execute(EurekaHttpClientDecorator.java:74)
	at com.netflix.discovery.shared.transport.decorator.RetryableEurekaHttpClient.execute(RetryableEurekaHttpClient.java:120)
	at com.netflix.discovery.shared.transport.decorator.EurekaHttpClientDecorator.cancel(EurekaHttpClientDecorator.java:71)
	at com.netflix.discovery.shared.transport.decorator.EurekaHttpClientDecorator$2.execute(EurekaHttpClientDecorator.java:74)
	at com.netflix.discovery.shared.transport.decorator.SessionedEurekaHttpClient.execute(SessionedEurekaHttpClient.java:77)
	at com.netflix.discovery.shared.transport.decorator.EurekaHttpClientDecorator.cancel(EurekaHttpClientDecorator.java:71)
	at com.netflix.discovery.DiscoveryClient.unregister(DiscoveryClient.java:972)
	at com.netflix.discovery.DiscoveryClient.shutdown(DiscoveryClient.java:948)
	at sun.reflect.NativeMethodAccessorImpl.invoke0(Native Method)
	at sun.reflect.NativeMethodAccessorImpl.invoke(NativeMethodAccessorImpl.java:62)
	at sun.reflect.DelegatingMethodAccessorImpl.invoke(DelegatingMethodAccessorImpl.java:43)
	at java.lang.reflect.Method.invoke(Method.java:498)
	at org.springframework.beans.factory.annotation.InitDestroyAnnotationBeanPostProcessor$LifecycleElement.invoke(InitDestroyAnnotationBeanPostProcessor.java:389)
	at org.springframework.beans.factory.annotation.InitDestroyAnnotationBeanPostProcessor$LifecycleMetadata.invokeDestroyMethods(InitDestroyAnnotationBeanPostProcessor.java:347)
	at org.springframework.beans.factory.annotation.InitDestroyAnnotationBeanPostProcessor.postProcessBeforeDestruction(InitDestroyAnnotationBeanPostProcessor.java:177)
	at org.springframework.beans.factory.support.DisposableBeanAdapter.destroy(DisposableBeanAdapter.java:197)
	at org.springframework.beans.factory.support.DisposableBeanAdapter.run(DisposableBeanAdapter.java:190)
	at org.springframework.cloud.context.scope.GenericScope$BeanLifecycleWrapper.destroy(GenericScope.java:390)
	at org.springframework.cloud.context.scope.GenericScope.destroy(GenericScope.java:136)
	at org.springframework.beans.factory.support.DisposableBeanAdapter.destroy(DisposableBeanAdapter.java:213)
	at org.springframework.beans.factory.support.DefaultSingletonBeanRegistry.destroyBean(DefaultSingletonBeanRegistry.java:587)
	at org.springframework.beans.factory.support.DefaultSingletonBeanRegistry.destroySingleton(DefaultSingletonBeanRegistry.java:559)
	at org.springframework.beans.factory.support.DefaultListableBeanFactory.destroySingleton(DefaultListableBeanFactory.java:1161)
	at org.springframework.beans.factory.support.DefaultSingletonBeanRegistry.destroySingletons(DefaultSingletonBeanRegistry.java:520)
	at org.springframework.beans.factory.support.DefaultListableBeanFactory.destroySingletons(DefaultListableBeanFactory.java:1154)
	at org.springframework.context.support.AbstractApplicationContext.destroyBeans(AbstractApplicationContext.java:1106)
	at org.springframework.context.support.AbstractApplicationContext.doClose(AbstractApplicationContext.java:1075)
	at org.springframework.boot.web.servlet.context.ServletWebServerApplicationContext.doClose(ServletWebServerApplicationContext.java:172)
	at org.springframework.context.support.AbstractApplicationContext.close(AbstractApplicationContext.java:1021)
	at org.springframework.boot.SpringApplicationShutdownHook.closeAndWait(SpringApplicationShutdownHook.java:145)
	at java.lang.Iterable.forEach(Iterable.java:75)
	at org.springframework.boot.SpringApplicationShutdownHook.run(SpringApplicationShutdownHook.java:114)
	at java.lang.Thread.run(Thread.java:750)
Caused by: org.apache.http.conn.HttpHostConnectException: Connect to localhost:8001 [localhost/127.0.0.1, localhost/0:0:0:0:0:0:0:1] failed: Connection refused: connect
	at org.apache.http.impl.conn.DefaultHttpClientConnectionOperator.connect(DefaultHttpClientConnectionOperator.java:156)
	at org.apache.http.impl.conn.PoolingHttpClientConnectionManager.connect(PoolingHttpClientConnectionManager.java:376)
	at org.apache.http.impl.execchain.MainClientExec.establishRoute(MainClientExec.java:393)
	at org.apache.http.impl.execchain.MainClientExec.execute(MainClientExec.java:236)
	at org.apache.http.impl.execchain.ProtocolExec.execute(ProtocolExec.java:186)
	at org.apache.http.impl.execchain.RetryExec.execute(RetryExec.java:89)
	at org.apache.http.impl.execchain.RedirectExec.execute(RedirectExec.java:110)
	at org.apache.http.impl.client.InternalHttpClient.doExecute(InternalHttpClient.java:185)
	at org.apache.http.impl.client.CloseableHttpClient.execute(CloseableHttpClient.java:83)
	at org.apache.http.impl.client.CloseableHttpClient.execute(CloseableHttpClient.java:56)
	at org.springframework.http.client.HttpComponentsClientHttpRequest.executeInternal(HttpComponentsClientHttpRequest.java:87)
	at org.springframework.http.client.AbstractBufferingClientHttpRequest.executeInternal(AbstractBufferingClientHttpRequest.java:48)
	at org.springframework.http.client.AbstractClientHttpRequest.execute(AbstractClientHttpRequest.java:66)
	at org.springframework.web.client.RestTemplate.doExecute(RestTemplate.java:776)
	... 40 more
Caused by: java.net.ConnectException: Connection refused: connect
	at java.net.DualStackPlainSocketImpl.connect0(Native Method)
	at java.net.DualStackPlainSocketImpl.socketConnect(DualStackPlainSocketImpl.java:75)
	at java.net.AbstractPlainSocketImpl.doConnect(AbstractPlainSocketImpl.java:476)
	at java.net.AbstractPlainSocketImpl.connectToAddress(AbstractPlainSocketImpl.java:218)
	at java.net.AbstractPlainSocketImpl.connect(AbstractPlainSocketImpl.java:200)
	at java.net.PlainSocketImpl.connect(PlainSocketImpl.java:162)
	at java.net.SocksSocketImpl.connect(SocksSocketImpl.java:394)
	at java.net.Socket.connect(Socket.java:606)
	at org.apache.http.conn.socket.PlainConnectionSocketFactory.connectSocket(PlainConnectionSocketFactory.java:75)
	at org.apache.http.impl.conn.DefaultHttpClientConnectionOperator.connect(DefaultHttpClientConnectionOperator.java:142)
	... 53 more

2022-09-23 18:02:38.370  WARN 20752 --- [SpringApplicationShutdownHook] c.n.d.s.t.d.RetryableEurekaHttpClient    : Request execution failed with message: I/O error on DELETE request for "http://localhost:8001/eureka/apps/ROUTINE/routine-9001": Connect to localhost:8001 [localhost/127.0.0.1, localhost/0:0:0:0:0:0:0:1] failed: Connection refused: connect; nested exception is org.apache.http.conn.HttpHostConnectException: Connect to localhost:8001 [localhost/127.0.0.1, localhost/0:0:0:0:0:0:0:1] failed: Connection refused: connect
2022-09-23 18:02:38.381  INFO 20752 --- [SpringApplicationShutdownHook] com.netflix.discovery.DiscoveryClient    : Completed shut down of DiscoveryClient
