2023-02-01 14:30:01.153  INFO 21224 --- [restartedMain] com.wechat.routine.RoutineApplication    : Starting RoutineApplication using Java 1.8.0_333 on DESKTOP-8P780U0 with PID 21224 (C:\Users\huangfuluyu\IdeaProjects\small-routine\routine\target\classes started by huangfuluyu in C:\Users\huangfuluyu\IdeaProjects\small-routine)
2023-02-01 14:30:01.156  INFO 21224 --- [restartedMain] com.wechat.routine.RoutineApplication    : No active profile set, falling back to 1 default profile: "default"
2023-02-01 14:30:01.229  INFO 21224 --- [restartedMain] .e.DevToolsPropertyDefaultsPostProcessor : Devtools property defaults active! Set 'spring.devtools.add-properties' to 'false' to disable
2023-02-01 14:30:01.230  INFO 21224 --- [restartedMain] .e.DevToolsPropertyDefaultsPostProcessor : For additional web related logging consider setting the 'logging.level.web' property to 'DEBUG'
2023-02-01 14:30:02.939  INFO 21224 --- [restartedMain] o.s.cloud.context.scope.GenericScope     : BeanFactory id=b560f9bb-55e2-3b3c-94eb-68be8388c9bd
2023-02-01 14:30:03.989  INFO 21224 --- [restartedMain] o.s.b.w.embedded.tomcat.TomcatWebServer  : Tomcat initialized with port(s): 9001 (http)
2023-02-01 14:30:04.014  INFO 21224 --- [restartedMain] o.apache.catalina.core.StandardService   : Starting service [Tomcat]
2023-02-01 14:30:04.014  INFO 21224 --- [restartedMain] org.apache.catalina.core.StandardEngine  : Starting Servlet engine: [Apache Tomcat/9.0.58]
2023-02-01 14:30:04.182  INFO 21224 --- [restartedMain] o.a.c.c.C.[Tomcat].[localhost].[/]       : Initializing Spring embedded WebApplicationContext
2023-02-01 14:30:04.182  INFO 21224 --- [restartedMain] w.s.c.ServletWebServerApplicationContext : Root WebApplicationContext: initialization completed in 2952 ms
2023-02-01 14:30:39.994  INFO 21224 --- [restartedMain] pertySourcedRequestMappingHandlerMapping : Mapped URL path [/v2/api-docs] onto method [springfox.documentation.swagger2.web.Swagger2Controller#getDocumentation(String, HttpServletRequest)]
2023-02-01 14:30:53.593  WARN 21224 --- [restartedMain] o.s.b.d.a.OptionalLiveReloadServer       : Unable to start LiveReload server
2023-02-01 14:31:29.381  INFO 21224 --- [restartedMain] DiscoveryClientOptionalArgsConfiguration : Eureka HTTP Client uses RestTemplate.
2023-02-01 14:31:45.193  WARN 21224 --- [restartedMain] iguration$LoadBalancerCaffeineWarnLogger : Spring Cloud LoadBalancer is currently working with the default cache. While this cache implementation is useful for development and tests, it's recommended to use Caffeine cache in production.You can switch to using Caffeine cache, by adding it and org.springframework.cache.caffeine.CaffeineCacheManager to the classpath.
2023-02-01 14:31:49.696  INFO 21224 --- [restartedMain] o.s.c.n.eureka.InstanceInfoFactory       : Setting initial instance status as: STARTING
2023-02-01 14:31:49.804  INFO 21224 --- [restartedMain] com.netflix.discovery.DiscoveryClient    : Initializing Eureka in region us-east-1
2023-02-01 14:31:49.810  INFO 21224 --- [restartedMain] c.n.d.s.r.aws.ConfigClusterResolver      : Resolving eureka endpoints via configuration
2023-02-01 14:31:49.834  INFO 21224 --- [restartedMain] com.netflix.discovery.DiscoveryClient    : Disable delta property : false
2023-02-01 14:31:49.834  INFO 21224 --- [restartedMain] com.netflix.discovery.DiscoveryClient    : Single vip registry refresh property : null
2023-02-01 14:31:49.834  INFO 21224 --- [restartedMain] com.netflix.discovery.DiscoveryClient    : Force full registry fetch : false
2023-02-01 14:31:49.834  INFO 21224 --- [restartedMain] com.netflix.discovery.DiscoveryClient    : Application is null : false
2023-02-01 14:31:49.834  INFO 21224 --- [restartedMain] com.netflix.discovery.DiscoveryClient    : Registered Applications size is zero : true
2023-02-01 14:31:49.834  INFO 21224 --- [restartedMain] com.netflix.discovery.DiscoveryClient    : Application version is -1: true
2023-02-01 14:31:49.835  INFO 21224 --- [restartedMain] com.netflix.discovery.DiscoveryClient    : Getting all instance registry info from the eureka server
2023-02-01 14:31:50.800  INFO 21224 --- [restartedMain] com.netflix.discovery.DiscoveryClient    : The response status is 200
2023-02-01 14:31:50.804  INFO 21224 --- [restartedMain] com.netflix.discovery.DiscoveryClient    : Starting heartbeat executor: renew interval is: 30
2023-02-01 14:31:50.806  INFO 21224 --- [restartedMain] c.n.discovery.InstanceInfoReplicator     : InstanceInfoReplicator onDemand update allowed rate per min is 4
2023-02-01 14:31:50.812  INFO 21224 --- [restartedMain] com.netflix.discovery.DiscoveryClient    : Discovery Client initialized at timestamp 1675233110811 with initial instances count: 1
2023-02-01 14:31:50.814  INFO 21224 --- [restartedMain] o.s.c.n.e.s.EurekaServiceRegistry        : Registering application ROUTINE with eureka with status UP
2023-02-01 14:31:50.815  INFO 21224 --- [restartedMain] com.netflix.discovery.DiscoveryClient    : Saw local status change event StatusChangeEvent [timestamp=1675233110815, current=UP, previous=STARTING]
2023-02-01 14:31:50.818  INFO 21224 --- [DiscoveryClient-InstanceInfoReplicator-0] com.netflix.discovery.DiscoveryClient    : DiscoveryClient_ROUTINE/routine-9001: registering service...
2023-02-01 14:31:50.845  INFO 21224 --- [restartedMain] o.s.b.w.embedded.tomcat.TomcatWebServer  : Tomcat started on port(s): 9001 (http) with context path ''
2023-02-01 14:31:50.847  INFO 21224 --- [restartedMain] .s.c.n.e.s.EurekaAutoServiceRegistration : Updating port to 9001
2023-02-01 14:31:50.882  INFO 21224 --- [DiscoveryClient-InstanceInfoReplicator-0] com.netflix.discovery.DiscoveryClient    : DiscoveryClient_ROUTINE/routine-9001 - registration status: 204
2023-02-01 14:31:51.293  INFO 21224 --- [restartedMain] d.s.w.p.DocumentationPluginsBootstrapper : Context refreshed
2023-02-01 14:31:51.310  INFO 21224 --- [restartedMain] d.s.w.p.DocumentationPluginsBootstrapper : Found 1 custom documentation plugin(s)
2023-02-01 14:31:51.344  INFO 21224 --- [restartedMain] s.d.s.w.s.ApiListingReferenceScanner     : Scanning for api listing references
2023-02-01 14:31:51.486  INFO 21224 --- [restartedMain] .d.s.w.r.o.CachingOperationNameGenerator : Generating unique operation named: getLeadersUsingGET_1
2023-02-01 14:31:51.580  INFO 21224 --- [restartedMain] com.wechat.routine.RoutineApplication    : Started RoutineApplication in 111.808 seconds (JVM running for 113.007)
2023-02-01 14:31:51.582  INFO 21224 --- [SpringApplicationShutdownHook] o.s.c.n.e.s.EurekaServiceRegistry        : Unregistering application ROUTINE with eureka with status DOWN
2023-02-01 14:31:51.582  INFO 21224 --- [SpringApplicationShutdownHook] com.netflix.discovery.DiscoveryClient    : Saw local status change event StatusChangeEvent [timestamp=1675233111582, current=DOWN, previous=UP]
2023-02-01 14:31:51.582  INFO 21224 --- [DiscoveryClient-InstanceInfoReplicator-0] com.netflix.discovery.DiscoveryClient    : DiscoveryClient_ROUTINE/routine-9001: registering service...
2023-02-01 14:31:51.587  INFO 21224 --- [DiscoveryClient-InstanceInfoReplicator-0] com.netflix.discovery.DiscoveryClient    : DiscoveryClient_ROUTINE/routine-9001 - registration status: 204
2023-02-01 14:31:51.883  INFO 21224 --- [SpringApplicationShutdownHook] com.netflix.discovery.DiscoveryClient    : Shutting down DiscoveryClient ...
2023-02-01 14:31:54.888  INFO 21224 --- [SpringApplicationShutdownHook] com.netflix.discovery.DiscoveryClient    : Unregistering ...
2023-02-01 14:31:54.905  INFO 21224 --- [SpringApplicationShutdownHook] com.netflix.discovery.DiscoveryClient    : DiscoveryClient_ROUTINE/routine-9001 - deregister  status: 200
2023-02-01 14:31:54.910  INFO 21224 --- [SpringApplicationShutdownHook] com.netflix.discovery.DiscoveryClient    : Completed shut down of DiscoveryClient
