2023-02-20 13:01:09.203  INFO 10300 --- [restartedMain] com.wechat.routine.RoutineApplication    : Starting RoutineApplication using Java 1.8.0_333 on DESKTOP-8P780U0 with PID 10300 (C:\Users\huangfuluyu\IdeaProjects\small-routine\routine\target\classes started by huangfuluyu in C:\Users\huangfuluyu\IdeaProjects\small-routine)
2023-02-20 13:01:09.205  INFO 10300 --- [restartedMain] com.wechat.routine.RoutineApplication    : No active profile set, falling back to 1 default profile: "default"
2023-02-20 13:01:09.297  INFO 10300 --- [restartedMain] .e.DevToolsPropertyDefaultsPostProcessor : Devtools property defaults active! Set 'spring.devtools.add-properties' to 'false' to disable
2023-02-20 13:01:09.298  INFO 10300 --- [restartedMain] .e.DevToolsPropertyDefaultsPostProcessor : For additional web related logging consider setting the 'logging.level.web' property to 'DEBUG'
2023-02-20 13:01:13.990  INFO 10300 --- [restartedMain] o.s.cloud.context.scope.GenericScope     : BeanFactory id=b560f9bb-55e2-3b3c-94eb-68be8388c9bd
2023-02-20 13:03:46.154  INFO 10300 --- [restartedMain] o.s.b.w.embedded.tomcat.TomcatWebServer  : Tomcat initialized with port(s): 9001 (http)
2023-02-20 13:03:46.548  INFO 10300 --- [restartedMain] o.apache.catalina.core.StandardService   : Starting service [Tomcat]
2023-02-20 13:03:46.557  INFO 10300 --- [restartedMain] org.apache.catalina.core.StandardEngine  : Starting Servlet engine: [Apache Tomcat/9.0.58]
2023-02-20 13:03:54.983  INFO 10300 --- [restartedMain] o.a.c.c.C.[Tomcat].[localhost].[/]       : Initializing Spring embedded WebApplicationContext
2023-02-20 13:03:54.993  INFO 10300 --- [restartedMain] w.s.c.ServletWebServerApplicationContext : Root WebApplicationContext: initialization completed in 165694 ms
2023-02-20 13:05:02.222  INFO 10300 --- [restartedMain] pertySourcedRequestMappingHandlerMapping : Mapped URL path [/v2/api-docs] onto method [springfox.documentation.swagger2.web.Swagger2Controller#getDocumentation(String, HttpServletRequest)]
2023-02-20 13:05:16.975  WARN 10300 --- [restartedMain] o.s.b.d.a.OptionalLiveReloadServer       : Unable to start LiveReload server
2023-02-20 13:05:56.041  INFO 10300 --- [restartedMain] DiscoveryClientOptionalArgsConfiguration : Eureka HTTP Client uses RestTemplate.
2023-02-20 13:06:12.760  WARN 10300 --- [restartedMain] iguration$LoadBalancerCaffeineWarnLogger : Spring Cloud LoadBalancer is currently working with the default cache. While this cache implementation is useful for development and tests, it's recommended to use Caffeine cache in production.You can switch to using Caffeine cache, by adding it and org.springframework.cache.caffeine.CaffeineCacheManager to the classpath.
2023-02-20 13:06:24.711  INFO 10300 --- [restartedMain] o.s.c.n.eureka.InstanceInfoFactory       : Setting initial instance status as: STARTING
2023-02-20 13:06:26.524  INFO 10300 --- [restartedMain] com.netflix.discovery.DiscoveryClient    : Initializing Eureka in region us-east-1
2023-02-20 13:06:26.760  INFO 10300 --- [restartedMain] c.n.d.s.r.aws.ConfigClusterResolver      : Resolving eureka endpoints via configuration
2023-02-20 13:06:27.916  INFO 10300 --- [restartedMain] com.netflix.discovery.DiscoveryClient    : Disable delta property : false
2023-02-20 13:06:27.923  INFO 10300 --- [restartedMain] com.netflix.discovery.DiscoveryClient    : Single vip registry refresh property : null
2023-02-20 13:06:27.929  INFO 10300 --- [restartedMain] com.netflix.discovery.DiscoveryClient    : Force full registry fetch : false
2023-02-20 13:06:27.935  INFO 10300 --- [restartedMain] com.netflix.discovery.DiscoveryClient    : Application is null : false
2023-02-20 13:06:27.942  INFO 10300 --- [restartedMain] com.netflix.discovery.DiscoveryClient    : Registered Applications size is zero : true
2023-02-20 13:06:27.948  INFO 10300 --- [restartedMain] com.netflix.discovery.DiscoveryClient    : Application version is -1: true
2023-02-20 13:06:27.954  INFO 10300 --- [restartedMain] com.netflix.discovery.DiscoveryClient    : Getting all instance registry info from the eureka server
2023-02-20 13:07:43.197  INFO 10300 --- [restartedMain] com.netflix.discovery.DiscoveryClient    : The response status is 200
2023-02-20 13:07:43.513  INFO 10300 --- [restartedMain] com.netflix.discovery.DiscoveryClient    : Starting heartbeat executor: renew interval is: 30
2023-02-20 13:07:43.784  INFO 10300 --- [restartedMain] c.n.discovery.InstanceInfoReplicator     : InstanceInfoReplicator onDemand update allowed rate per min is 4
2023-02-20 13:07:44.093  INFO 10300 --- [restartedMain] com.netflix.discovery.DiscoveryClient    : Discovery Client initialized at timestamp 1676869664079 with initial instances count: 1
2023-02-20 13:07:44.615  INFO 10300 --- [restartedMain] o.s.c.n.e.s.EurekaServiceRegistry        : Registering application ROUTINE with eureka with status UP
2023-02-20 13:07:44.662  INFO 10300 --- [restartedMain] com.netflix.discovery.DiscoveryClient    : Saw local status change event StatusChangeEvent [timestamp=1676869664662, current=UP, previous=STARTING]
2023-02-20 13:07:45.204  INFO 10300 --- [DiscoveryClient-InstanceInfoReplicator-0] com.netflix.discovery.DiscoveryClient    : DiscoveryClient_ROUTINE/routine-9001: registering service...
2023-02-20 13:07:46.529  INFO 10300 --- [restartedMain] o.s.b.w.embedded.tomcat.TomcatWebServer  : Tomcat started on port(s): 9001 (http) with context path ''
2023-02-20 13:07:46.732  INFO 10300 --- [restartedMain] .s.c.n.e.s.EurekaAutoServiceRegistration : Updating port to 9001
2023-02-20 13:07:47.127  INFO 10300 --- [restartedMain] d.s.w.p.DocumentationPluginsBootstrapper : Context refreshed
2023-02-20 13:07:48.864  INFO 10300 --- [restartedMain] d.s.w.p.DocumentationPluginsBootstrapper : Found 1 custom documentation plugin(s)
2023-02-20 13:07:49.585  INFO 10300 --- [DiscoveryClient-InstanceInfoReplicator-0] com.netflix.discovery.DiscoveryClient    : DiscoveryClient_ROUTINE/routine-9001 - registration status: 204
2023-02-20 13:07:51.972  INFO 10300 --- [restartedMain] s.d.s.w.s.ApiListingReferenceScanner     : Scanning for api listing references
2023-02-20 13:08:03.319  INFO 10300 --- [restartedMain] .d.s.w.r.o.CachingOperationNameGenerator : Generating unique operation named: getLeadersUsingGET_1
2023-02-20 13:08:18.887  INFO 10300 --- [restartedMain] com.wechat.routine.RoutineApplication    : Started RoutineApplication in 431.366 seconds (JVM running for 433.383)
2023-02-20 13:08:21.138  INFO 10300 --- [scheduling-1] com.zaxxer.hikari.HikariDataSource       : HikariPool-1 - Starting...
2023-02-20 13:08:25.588  INFO 10300 --- [scheduling-1] com.zaxxer.hikari.HikariDataSource       : HikariPool-1 - Start completed.
2023-02-20 13:11:28.035  INFO 10300 --- [AsyncResolver-bootstrap-executor-0] c.n.d.s.r.aws.ConfigClusterResolver      : Resolving eureka endpoints via configuration
2023-02-20 13:16:28.060  INFO 10300 --- [AsyncResolver-bootstrap-executor-0] c.n.d.s.r.aws.ConfigClusterResolver      : Resolving eureka endpoints via configuration
2023-02-20 13:21:28.099  INFO 10300 --- [AsyncResolver-bootstrap-executor-0] c.n.d.s.r.aws.ConfigClusterResolver      : Resolving eureka endpoints via configuration
2023-02-20 13:26:28.126  INFO 10300 --- [AsyncResolver-bootstrap-executor-0] c.n.d.s.r.aws.ConfigClusterResolver      : Resolving eureka endpoints via configuration
2023-02-20 13:31:28.149  INFO 10300 --- [AsyncResolver-bootstrap-executor-0] c.n.d.s.r.aws.ConfigClusterResolver      : Resolving eureka endpoints via configuration
2023-02-20 13:36:28.162  INFO 10300 --- [AsyncResolver-bootstrap-executor-0] c.n.d.s.r.aws.ConfigClusterResolver      : Resolving eureka endpoints via configuration
2023-02-20 13:41:28.193  INFO 10300 --- [AsyncResolver-bootstrap-executor-0] c.n.d.s.r.aws.ConfigClusterResolver      : Resolving eureka endpoints via configuration
2023-02-20 13:46:28.235  INFO 10300 --- [AsyncResolver-bootstrap-executor-0] c.n.d.s.r.aws.ConfigClusterResolver      : Resolving eureka endpoints via configuration
2023-02-20 13:51:28.257  INFO 10300 --- [AsyncResolver-bootstrap-executor-0] c.n.d.s.r.aws.ConfigClusterResolver      : Resolving eureka endpoints via configuration
2023-02-20 13:56:28.277  INFO 10300 --- [AsyncResolver-bootstrap-executor-0] c.n.d.s.r.aws.ConfigClusterResolver      : Resolving eureka endpoints via configuration
2023-02-20 14:01:28.295  INFO 10300 --- [AsyncResolver-bootstrap-executor-0] c.n.d.s.r.aws.ConfigClusterResolver      : Resolving eureka endpoints via configuration
2023-02-20 14:06:28.335  INFO 10300 --- [AsyncResolver-bootstrap-executor-0] c.n.d.s.r.aws.ConfigClusterResolver      : Resolving eureka endpoints via configuration
2023-02-20 14:11:28.352  INFO 10300 --- [AsyncResolver-bootstrap-executor-0] c.n.d.s.r.aws.ConfigClusterResolver      : Resolving eureka endpoints via configuration
2023-02-20 14:16:28.382  INFO 10300 --- [AsyncResolver-bootstrap-executor-0] c.n.d.s.r.aws.ConfigClusterResolver      : Resolving eureka endpoints via configuration
2023-02-20 14:21:28.408  INFO 10300 --- [AsyncResolver-bootstrap-executor-0] c.n.d.s.r.aws.ConfigClusterResolver      : Resolving eureka endpoints via configuration
2023-02-20 14:26:28.421  INFO 10300 --- [AsyncResolver-bootstrap-executor-0] c.n.d.s.r.aws.ConfigClusterResolver      : Resolving eureka endpoints via configuration
2023-02-20 14:31:28.463  INFO 10300 --- [AsyncResolver-bootstrap-executor-0] c.n.d.s.r.aws.ConfigClusterResolver      : Resolving eureka endpoints via configuration
2023-02-20 14:36:28.479  INFO 10300 --- [AsyncResolver-bootstrap-executor-0] c.n.d.s.r.aws.ConfigClusterResolver      : Resolving eureka endpoints via configuration
2023-02-20 14:41:28.492  INFO 10300 --- [AsyncResolver-bootstrap-executor-0] c.n.d.s.r.aws.ConfigClusterResolver      : Resolving eureka endpoints via configuration
2023-02-20 14:46:28.505  INFO 10300 --- [AsyncResolver-bootstrap-executor-0] c.n.d.s.r.aws.ConfigClusterResolver      : Resolving eureka endpoints via configuration
2023-02-20 14:51:28.535  INFO 10300 --- [AsyncResolver-bootstrap-executor-0] c.n.d.s.r.aws.ConfigClusterResolver      : Resolving eureka endpoints via configuration
2023-02-20 14:56:28.552  INFO 10300 --- [AsyncResolver-bootstrap-executor-0] c.n.d.s.r.aws.ConfigClusterResolver      : Resolving eureka endpoints via configuration
2023-02-20 15:01:28.567  INFO 10300 --- [AsyncResolver-bootstrap-executor-0] c.n.d.s.r.aws.ConfigClusterResolver      : Resolving eureka endpoints via configuration
2023-02-20 15:06:28.592  INFO 10300 --- [AsyncResolver-bootstrap-executor-0] c.n.d.s.r.aws.ConfigClusterResolver      : Resolving eureka endpoints via configuration
2023-02-20 15:11:28.632  INFO 10300 --- [AsyncResolver-bootstrap-executor-0] c.n.d.s.r.aws.ConfigClusterResolver      : Resolving eureka endpoints via configuration
2023-02-20 15:16:28.645  INFO 10300 --- [AsyncResolver-bootstrap-executor-0] c.n.d.s.r.aws.ConfigClusterResolver      : Resolving eureka endpoints via configuration
2023-02-20 15:21:28.660  INFO 10300 --- [AsyncResolver-bootstrap-executor-0] c.n.d.s.r.aws.ConfigClusterResolver      : Resolving eureka endpoints via configuration
2023-02-20 15:26:28.678  INFO 10300 --- [AsyncResolver-bootstrap-executor-0] c.n.d.s.r.aws.ConfigClusterResolver      : Resolving eureka endpoints via configuration
2023-02-20 15:31:28.693  INFO 10300 --- [AsyncResolver-bootstrap-executor-0] c.n.d.s.r.aws.ConfigClusterResolver      : Resolving eureka endpoints via configuration
2023-02-20 15:36:28.710  INFO 10300 --- [AsyncResolver-bootstrap-executor-0] c.n.d.s.r.aws.ConfigClusterResolver      : Resolving eureka endpoints via configuration
2023-02-20 15:41:28.733  INFO 10300 --- [AsyncResolver-bootstrap-executor-0] c.n.d.s.r.aws.ConfigClusterResolver      : Resolving eureka endpoints via configuration
2023-02-20 15:46:28.759  INFO 10300 --- [AsyncResolver-bootstrap-executor-0] c.n.d.s.r.aws.ConfigClusterResolver      : Resolving eureka endpoints via configuration
2023-02-20 15:51:28.778  INFO 10300 --- [AsyncResolver-bootstrap-executor-0] c.n.d.s.r.aws.ConfigClusterResolver      : Resolving eureka endpoints via configuration
2023-02-20 15:56:28.791  INFO 10300 --- [AsyncResolver-bootstrap-executor-0] c.n.d.s.r.aws.ConfigClusterResolver      : Resolving eureka endpoints via configuration
2023-02-20 16:01:28.810  INFO 10300 --- [AsyncResolver-bootstrap-executor-0] c.n.d.s.r.aws.ConfigClusterResolver      : Resolving eureka endpoints via configuration
2023-02-20 16:06:28.821  INFO 10300 --- [AsyncResolver-bootstrap-executor-0] c.n.d.s.r.aws.ConfigClusterResolver      : Resolving eureka endpoints via configuration
2023-02-20 16:11:28.838  INFO 10300 --- [AsyncResolver-bootstrap-executor-0] c.n.d.s.r.aws.ConfigClusterResolver      : Resolving eureka endpoints via configuration
2023-02-20 16:16:28.855  INFO 10300 --- [AsyncResolver-bootstrap-executor-0] c.n.d.s.r.aws.ConfigClusterResolver      : Resolving eureka endpoints via configuration
2023-02-20 16:21:28.875  INFO 10300 --- [AsyncResolver-bootstrap-executor-0] c.n.d.s.r.aws.ConfigClusterResolver      : Resolving eureka endpoints via configuration
2023-02-20 16:26:28.898  INFO 10300 --- [AsyncResolver-bootstrap-executor-0] c.n.d.s.r.aws.ConfigClusterResolver      : Resolving eureka endpoints via configuration
2023-02-20 16:31:28.914  INFO 10300 --- [AsyncResolver-bootstrap-executor-0] c.n.d.s.r.aws.ConfigClusterResolver      : Resolving eureka endpoints via configuration
2023-02-20 16:36:28.930  INFO 10300 --- [AsyncResolver-bootstrap-executor-0] c.n.d.s.r.aws.ConfigClusterResolver      : Resolving eureka endpoints via configuration
2023-02-20 16:41:28.952  INFO 10300 --- [AsyncResolver-bootstrap-executor-0] c.n.d.s.r.aws.ConfigClusterResolver      : Resolving eureka endpoints via configuration
2023-02-20 16:46:28.978  INFO 10300 --- [AsyncResolver-bootstrap-executor-0] c.n.d.s.r.aws.ConfigClusterResolver      : Resolving eureka endpoints via configuration
2023-02-20 16:51:28.990  INFO 10300 --- [AsyncResolver-bootstrap-executor-0] c.n.d.s.r.aws.ConfigClusterResolver      : Resolving eureka endpoints via configuration
2023-02-20 16:56:29.014  INFO 10300 --- [AsyncResolver-bootstrap-executor-0] c.n.d.s.r.aws.ConfigClusterResolver      : Resolving eureka endpoints via configuration
2023-02-20 17:01:29.032  INFO 10300 --- [AsyncResolver-bootstrap-executor-0] c.n.d.s.r.aws.ConfigClusterResolver      : Resolving eureka endpoints via configuration
2023-02-20 17:06:29.051  INFO 10300 --- [AsyncResolver-bootstrap-executor-0] c.n.d.s.r.aws.ConfigClusterResolver      : Resolving eureka endpoints via configuration
2023-02-20 17:11:29.068  INFO 10300 --- [AsyncResolver-bootstrap-executor-0] c.n.d.s.r.aws.ConfigClusterResolver      : Resolving eureka endpoints via configuration
2023-02-20 17:16:29.110  INFO 10300 --- [AsyncResolver-bootstrap-executor-0] c.n.d.s.r.aws.ConfigClusterResolver      : Resolving eureka endpoints via configuration
2023-02-20 17:21:29.146  INFO 10300 --- [AsyncResolver-bootstrap-executor-0] c.n.d.s.r.aws.ConfigClusterResolver      : Resolving eureka endpoints via configuration
2023-02-20 17:26:29.193  INFO 10300 --- [AsyncResolver-bootstrap-executor-0] c.n.d.s.r.aws.ConfigClusterResolver      : Resolving eureka endpoints via configuration
2023-02-20 17:31:29.230  INFO 10300 --- [AsyncResolver-bootstrap-executor-0] c.n.d.s.r.aws.ConfigClusterResolver      : Resolving eureka endpoints via configuration
2023-02-20 17:36:12.745  INFO 10300 --- [http-nio-9001-exec-1] o.apache.coyote.http11.Http11Processor   : Error parsing HTTP request header
 Note: further occurrences of HTTP request parsing errors will be logged at DEBUG level.

java.lang.IllegalArgumentException: Invalid character found in method name [0x030x000x000x130x0e0xe00x000x000x000x000x000x010x000x080x000x020x000x000x00...]. HTTP method names must be tokens
	at org.apache.coyote.http11.Http11InputBuffer.parseRequestLine(Http11InputBuffer.java:419)
	at org.apache.coyote.http11.Http11Processor.service(Http11Processor.java:271)
	at org.apache.coyote.AbstractProcessorLight.process(AbstractProcessorLight.java:65)
	at org.apache.coyote.AbstractProtocol$ConnectionHandler.process(AbstractProtocol.java:889)
	at org.apache.tomcat.util.net.NioEndpoint$SocketProcessor.doRun(NioEndpoint.java:1735)
	at org.apache.tomcat.util.net.SocketProcessorBase.run(SocketProcessorBase.java:49)
	at org.apache.tomcat.util.threads.ThreadPoolExecutor.runWorker(ThreadPoolExecutor.java:1191)
	at org.apache.tomcat.util.threads.ThreadPoolExecutor$Worker.run(ThreadPoolExecutor.java:659)
	at org.apache.tomcat.util.threads.TaskThread$WrappingRunnable.run(TaskThread.java:61)
	at java.lang.Thread.run(Thread.java:750)

2023-02-20 17:36:29.249  INFO 10300 --- [AsyncResolver-bootstrap-executor-0] c.n.d.s.r.aws.ConfigClusterResolver      : Resolving eureka endpoints via configuration
2023-02-20 17:41:29.272  INFO 10300 --- [AsyncResolver-bootstrap-executor-0] c.n.d.s.r.aws.ConfigClusterResolver      : Resolving eureka endpoints via configuration
2023-02-20 17:46:29.295  INFO 10300 --- [AsyncResolver-bootstrap-executor-0] c.n.d.s.r.aws.ConfigClusterResolver      : Resolving eureka endpoints via configuration
2023-02-20 17:51:29.308  INFO 10300 --- [AsyncResolver-bootstrap-executor-0] c.n.d.s.r.aws.ConfigClusterResolver      : Resolving eureka endpoints via configuration
2023-02-20 17:56:29.345  INFO 10300 --- [AsyncResolver-bootstrap-executor-0] c.n.d.s.r.aws.ConfigClusterResolver      : Resolving eureka endpoints via configuration
2023-02-20 18:01:29.368  INFO 10300 --- [AsyncResolver-bootstrap-executor-0] c.n.d.s.r.aws.ConfigClusterResolver      : Resolving eureka endpoints via configuration
2023-02-20 18:06:29.408  INFO 10300 --- [AsyncResolver-bootstrap-executor-0] c.n.d.s.r.aws.ConfigClusterResolver      : Resolving eureka endpoints via configuration
2023-02-20 18:11:29.459  INFO 10300 --- [AsyncResolver-bootstrap-executor-0] c.n.d.s.r.aws.ConfigClusterResolver      : Resolving eureka endpoints via configuration
2023-02-20 18:16:29.481  INFO 10300 --- [AsyncResolver-bootstrap-executor-0] c.n.d.s.r.aws.ConfigClusterResolver      : Resolving eureka endpoints via configuration
2023-02-20 18:21:29.501  INFO 10300 --- [AsyncResolver-bootstrap-executor-0] c.n.d.s.r.aws.ConfigClusterResolver      : Resolving eureka endpoints via configuration
2023-02-20 18:26:29.518  INFO 10300 --- [AsyncResolver-bootstrap-executor-0] c.n.d.s.r.aws.ConfigClusterResolver      : Resolving eureka endpoints via configuration
2023-02-20 18:31:29.540  INFO 10300 --- [AsyncResolver-bootstrap-executor-0] c.n.d.s.r.aws.ConfigClusterResolver      : Resolving eureka endpoints via configuration
2023-02-20 18:36:29.581  INFO 10300 --- [AsyncResolver-bootstrap-executor-0] c.n.d.s.r.aws.ConfigClusterResolver      : Resolving eureka endpoints via configuration
2023-02-20 18:41:29.592  INFO 10300 --- [AsyncResolver-bootstrap-executor-0] c.n.d.s.r.aws.ConfigClusterResolver      : Resolving eureka endpoints via configuration
2023-02-20 18:46:29.613  INFO 10300 --- [AsyncResolver-bootstrap-executor-0] c.n.d.s.r.aws.ConfigClusterResolver      : Resolving eureka endpoints via configuration
2023-02-20 18:51:29.659  INFO 10300 --- [AsyncResolver-bootstrap-executor-0] c.n.d.s.r.aws.ConfigClusterResolver      : Resolving eureka endpoints via configuration
2023-02-20 18:56:29.709  INFO 10300 --- [AsyncResolver-bootstrap-executor-0] c.n.d.s.r.aws.ConfigClusterResolver      : Resolving eureka endpoints via configuration
2023-02-20 19:01:29.721  INFO 10300 --- [AsyncResolver-bootstrap-executor-0] c.n.d.s.r.aws.ConfigClusterResolver      : Resolving eureka endpoints via configuration
2023-02-20 19:06:29.746  INFO 10300 --- [AsyncResolver-bootstrap-executor-0] c.n.d.s.r.aws.ConfigClusterResolver      : Resolving eureka endpoints via configuration
2023-02-20 19:11:29.765  INFO 10300 --- [AsyncResolver-bootstrap-executor-0] c.n.d.s.r.aws.ConfigClusterResolver      : Resolving eureka endpoints via configuration
2023-02-20 19:16:29.777  INFO 10300 --- [AsyncResolver-bootstrap-executor-0] c.n.d.s.r.aws.ConfigClusterResolver      : Resolving eureka endpoints via configuration
2023-02-20 19:21:29.796  INFO 10300 --- [AsyncResolver-bootstrap-executor-0] c.n.d.s.r.aws.ConfigClusterResolver      : Resolving eureka endpoints via configuration
2023-02-20 19:26:29.814  INFO 10300 --- [AsyncResolver-bootstrap-executor-0] c.n.d.s.r.aws.ConfigClusterResolver      : Resolving eureka endpoints via configuration
2023-02-20 19:31:29.838  INFO 10300 --- [AsyncResolver-bootstrap-executor-0] c.n.d.s.r.aws.ConfigClusterResolver      : Resolving eureka endpoints via configuration
2023-02-20 19:36:29.879  INFO 10300 --- [AsyncResolver-bootstrap-executor-0] c.n.d.s.r.aws.ConfigClusterResolver      : Resolving eureka endpoints via configuration
2023-02-20 19:41:29.893  INFO 10300 --- [AsyncResolver-bootstrap-executor-0] c.n.d.s.r.aws.ConfigClusterResolver      : Resolving eureka endpoints via configuration
2023-02-20 19:46:29.914  INFO 10300 --- [AsyncResolver-bootstrap-executor-0] c.n.d.s.r.aws.ConfigClusterResolver      : Resolving eureka endpoints via configuration
2023-02-20 19:51:29.937  INFO 10300 --- [AsyncResolver-bootstrap-executor-0] c.n.d.s.r.aws.ConfigClusterResolver      : Resolving eureka endpoints via configuration
2023-02-20 19:56:29.961  INFO 10300 --- [AsyncResolver-bootstrap-executor-0] c.n.d.s.r.aws.ConfigClusterResolver      : Resolving eureka endpoints via configuration
2023-02-20 20:01:29.986  INFO 10300 --- [AsyncResolver-bootstrap-executor-0] c.n.d.s.r.aws.ConfigClusterResolver      : Resolving eureka endpoints via configuration
2023-02-20 20:06:30.007  INFO 10300 --- [AsyncResolver-bootstrap-executor-0] c.n.d.s.r.aws.ConfigClusterResolver      : Resolving eureka endpoints via configuration
2023-02-20 20:11:30.057  INFO 10300 --- [AsyncResolver-bootstrap-executor-0] c.n.d.s.r.aws.ConfigClusterResolver      : Resolving eureka endpoints via configuration
2023-02-20 20:16:30.080  INFO 10300 --- [AsyncResolver-bootstrap-executor-0] c.n.d.s.r.aws.ConfigClusterResolver      : Resolving eureka endpoints via configuration
2023-02-20 20:21:30.093  INFO 10300 --- [AsyncResolver-bootstrap-executor-0] c.n.d.s.r.aws.ConfigClusterResolver      : Resolving eureka endpoints via configuration
2023-02-20 20:26:30.116  INFO 10300 --- [AsyncResolver-bootstrap-executor-0] c.n.d.s.r.aws.ConfigClusterResolver      : Resolving eureka endpoints via configuration
2023-02-20 20:31:30.127  INFO 10300 --- [AsyncResolver-bootstrap-executor-0] c.n.d.s.r.aws.ConfigClusterResolver      : Resolving eureka endpoints via configuration
2023-02-20 20:36:30.139  INFO 10300 --- [AsyncResolver-bootstrap-executor-0] c.n.d.s.r.aws.ConfigClusterResolver      : Resolving eureka endpoints via configuration
2023-02-20 20:41:30.162  INFO 10300 --- [AsyncResolver-bootstrap-executor-0] c.n.d.s.r.aws.ConfigClusterResolver      : Resolving eureka endpoints via configuration
2023-02-20 20:46:30.198  INFO 10300 --- [AsyncResolver-bootstrap-executor-0] c.n.d.s.r.aws.ConfigClusterResolver      : Resolving eureka endpoints via configuration
