2023-04-12 14:05:49.325  INFO 21556 --- [restartedMain] com.wechat.routine.RoutineApplication    : Starting RoutineApplication using Java 1.8.0_333 on DESKTOP-8P780U0 with PID 21556 (C:\Users\huangfuluyu\IdeaProjects\small-routine\routine\target\classes started by huangfuluyu in C:\Users\huangfuluyu\IdeaProjects\small-routine)
2023-04-12 14:05:49.327  INFO 21556 --- [restartedMain] com.wechat.routine.RoutineApplication    : No active profile set, falling back to 1 default profile: "default"
2023-04-12 14:05:49.394  INFO 21556 --- [restartedMain] .e.DevToolsPropertyDefaultsPostProcessor : Devtools property defaults active! Set 'spring.devtools.add-properties' to 'false' to disable
2023-04-12 14:05:49.395  INFO 21556 --- [restartedMain] .e.DevToolsPropertyDefaultsPostProcessor : For additional web related logging consider setting the 'logging.level.web' property to 'DEBUG'
2023-04-12 14:05:50.916  INFO 21556 --- [restartedMain] o.s.cloud.context.scope.GenericScope     : BeanFactory id=b560f9bb-55e2-3b3c-94eb-68be8388c9bd
2023-04-12 14:05:51.752  INFO 21556 --- [restartedMain] o.s.b.w.embedded.tomcat.TomcatWebServer  : Tomcat initialized with port(s): 9001 (http)
2023-04-12 14:05:51.764  INFO 21556 --- [restartedMain] o.apache.catalina.core.StandardService   : Starting service [Tomcat]
2023-04-12 14:05:51.765  INFO 21556 --- [restartedMain] org.apache.catalina.core.StandardEngine  : Starting Servlet engine: [Apache Tomcat/9.0.58]
2023-04-12 14:05:51.943  INFO 21556 --- [restartedMain] o.a.c.c.C.[Tomcat].[localhost].[/]       : Initializing Spring embedded WebApplicationContext
2023-04-12 14:05:51.943  INFO 21556 --- [restartedMain] w.s.c.ServletWebServerApplicationContext : Root WebApplicationContext: initialization completed in 2547 ms
2023-04-12 14:05:52.899  INFO 21556 --- [restartedMain] pertySourcedRequestMappingHandlerMapping : Mapped URL path [/v2/api-docs] onto method [springfox.documentation.swagger2.web.Swagger2Controller#getDocumentation(String, HttpServletRequest)]
2023-04-12 14:05:53.056  WARN 21556 --- [restartedMain] o.s.b.d.a.OptionalLiveReloadServer       : Unable to start LiveReload server
2023-04-12 14:05:53.743  INFO 21556 --- [restartedMain] DiscoveryClientOptionalArgsConfiguration : Eureka HTTP Client uses RestTemplate.
2023-04-12 14:05:54.144  WARN 21556 --- [restartedMain] iguration$LoadBalancerCaffeineWarnLogger : Spring Cloud LoadBalancer is currently working with the default cache. While this cache implementation is useful for development and tests, it's recommended to use Caffeine cache in production.You can switch to using Caffeine cache, by adding it and org.springframework.cache.caffeine.CaffeineCacheManager to the classpath.
2023-04-12 14:05:54.235  INFO 21556 --- [restartedMain] o.s.c.n.eureka.InstanceInfoFactory       : Setting initial instance status as: STARTING
2023-04-12 14:05:54.266  INFO 21556 --- [restartedMain] com.netflix.discovery.DiscoveryClient    : Initializing Eureka in region us-east-1
2023-04-12 14:05:54.274  INFO 21556 --- [restartedMain] c.n.d.s.r.aws.ConfigClusterResolver      : Resolving eureka endpoints via configuration
2023-04-12 14:05:54.302  INFO 21556 --- [restartedMain] com.netflix.discovery.DiscoveryClient    : Disable delta property : false
2023-04-12 14:05:54.302  INFO 21556 --- [restartedMain] com.netflix.discovery.DiscoveryClient    : Single vip registry refresh property : null
2023-04-12 14:05:54.302  INFO 21556 --- [restartedMain] com.netflix.discovery.DiscoveryClient    : Force full registry fetch : false
2023-04-12 14:05:54.303  INFO 21556 --- [restartedMain] com.netflix.discovery.DiscoveryClient    : Application is null : false
2023-04-12 14:05:54.303  INFO 21556 --- [restartedMain] com.netflix.discovery.DiscoveryClient    : Registered Applications size is zero : true
2023-04-12 14:05:54.303  INFO 21556 --- [restartedMain] com.netflix.discovery.DiscoveryClient    : Application version is -1: true
2023-04-12 14:05:54.303  INFO 21556 --- [restartedMain] com.netflix.discovery.DiscoveryClient    : Getting all instance registry info from the eureka server
2023-04-12 14:05:55.200  INFO 21556 --- [restartedMain] com.netflix.discovery.DiscoveryClient    : The response status is 200
2023-04-12 14:05:55.203  INFO 21556 --- [restartedMain] com.netflix.discovery.DiscoveryClient    : Starting heartbeat executor: renew interval is: 30
2023-04-12 14:05:55.206  INFO 21556 --- [restartedMain] c.n.discovery.InstanceInfoReplicator     : InstanceInfoReplicator onDemand update allowed rate per min is 4
2023-04-12 14:05:55.212  INFO 21556 --- [restartedMain] com.netflix.discovery.DiscoveryClient    : Discovery Client initialized at timestamp 1681279555211 with initial instances count: 0
2023-04-12 14:05:55.215  INFO 21556 --- [restartedMain] o.s.c.n.e.s.EurekaServiceRegistry        : Registering application ROUTINE with eureka with status UP
2023-04-12 14:05:55.215  INFO 21556 --- [restartedMain] com.netflix.discovery.DiscoveryClient    : Saw local status change event StatusChangeEvent [timestamp=1681279555215, current=UP, previous=STARTING]
2023-04-12 14:05:55.217  INFO 21556 --- [DiscoveryClient-InstanceInfoReplicator-0] com.netflix.discovery.DiscoveryClient    : DiscoveryClient_ROUTINE/routine-9001: registering service...
2023-04-12 14:05:55.242  INFO 21556 --- [restartedMain] o.s.b.w.embedded.tomcat.TomcatWebServer  : Tomcat started on port(s): 9001 (http) with context path ''
2023-04-12 14:05:55.243  INFO 21556 --- [restartedMain] .s.c.n.e.s.EurekaAutoServiceRegistration : Updating port to 9001
2023-04-12 14:05:55.445  INFO 21556 --- [DiscoveryClient-InstanceInfoReplicator-0] com.netflix.discovery.DiscoveryClient    : DiscoveryClient_ROUTINE/routine-9001 - registration status: 204
2023-04-12 14:05:55.560  INFO 21556 --- [restartedMain] d.s.w.p.DocumentationPluginsBootstrapper : Context refreshed
2023-04-12 14:05:55.576  INFO 21556 --- [restartedMain] d.s.w.p.DocumentationPluginsBootstrapper : Found 1 custom documentation plugin(s)
2023-04-12 14:05:55.612  INFO 21556 --- [restartedMain] s.d.s.w.s.ApiListingReferenceScanner     : Scanning for api listing references
2023-04-12 14:05:55.752  INFO 21556 --- [restartedMain] .d.s.w.r.o.CachingOperationNameGenerator : Generating unique operation named: getLeadersUsingGET_1
2023-04-12 14:05:55.847  INFO 21556 --- [restartedMain] com.wechat.routine.RoutineApplication    : Started RoutineApplication in 7.578 seconds (JVM running for 9.052)
2023-04-12 14:06:00.026  INFO 21556 --- [scheduling-1] com.zaxxer.hikari.HikariDataSource       : HikariPool-1 - Starting...
2023-04-12 14:06:20.001  INFO 21556 --- [scheduling-1] com.zaxxer.hikari.HikariDataSource       : HikariPool-1 - Starting...
2023-04-12 14:06:22.038  INFO 21556 --- [scheduling-1] com.zaxxer.hikari.HikariDataSource       : HikariPool-1 - Start completed.
2023-04-12 14:06:25.203  INFO 21556 --- [DiscoveryClient-CacheRefreshExecutor-0] com.netflix.discovery.DiscoveryClient    : Disable delta property : false
2023-04-12 14:06:25.204  INFO 21556 --- [DiscoveryClient-CacheRefreshExecutor-0] com.netflix.discovery.DiscoveryClient    : Single vip registry refresh property : null
2023-04-12 14:06:25.204  INFO 21556 --- [DiscoveryClient-CacheRefreshExecutor-0] com.netflix.discovery.DiscoveryClient    : Force full registry fetch : false
2023-04-12 14:06:25.204  INFO 21556 --- [DiscoveryClient-CacheRefreshExecutor-0] com.netflix.discovery.DiscoveryClient    : Application is null : false
2023-04-12 14:06:25.205  INFO 21556 --- [DiscoveryClient-CacheRefreshExecutor-0] com.netflix.discovery.DiscoveryClient    : Registered Applications size is zero : true
2023-04-12 14:06:25.205  INFO 21556 --- [DiscoveryClient-CacheRefreshExecutor-0] com.netflix.discovery.DiscoveryClient    : Application version is -1: false
2023-04-12 14:06:25.205  INFO 21556 --- [DiscoveryClient-CacheRefreshExecutor-0] com.netflix.discovery.DiscoveryClient    : Getting all instance registry info from the eureka server
2023-04-12 14:06:25.218  INFO 21556 --- [DiscoveryClient-CacheRefreshExecutor-0] com.netflix.discovery.DiscoveryClient    : The response status is 200
2023-04-12 14:06:47.014  INFO 21556 --- [http-nio-9001-exec-1] o.a.c.c.C.[Tomcat].[localhost].[/]       : Initializing Spring DispatcherServlet 'dispatcherServlet'
2023-04-12 14:06:47.015  INFO 21556 --- [http-nio-9001-exec-1] o.s.web.servlet.DispatcherServlet        : Initializing Servlet 'dispatcherServlet'
2023-04-12 14:06:47.017  INFO 21556 --- [http-nio-9001-exec-1] o.s.web.servlet.DispatcherServlet        : Completed initialization in 2 ms
2023-04-12 14:06:47.087  WARN 21556 --- [http-nio-9001-exec-1] .m.m.a.ExceptionHandlerExceptionResolver : Resolved [java.security.SignatureException: token不能为空]
2023-04-12 14:06:47.357  WARN 21556 --- [http-nio-9001-exec-2] .m.m.a.ExceptionHandlerExceptionResolver : Resolved [java.security.SignatureException: token不能为空]
2023-04-12 14:10:54.307  INFO 21556 --- [AsyncResolver-bootstrap-executor-0] c.n.d.s.r.aws.ConfigClusterResolver      : Resolving eureka endpoints via configuration
2023-04-12 14:13:23.631  INFO 21556 --- [Thread-2] o.s.c.n.e.s.EurekaServiceRegistry        : Unregistering application ROUTINE with eureka with status DOWN
2023-04-12 14:13:23.632  INFO 21556 --- [Thread-2] com.netflix.discovery.DiscoveryClient    : Saw local status change event StatusChangeEvent [timestamp=1681280003632, current=DOWN, previous=UP]
2023-04-12 14:13:23.632  INFO 21556 --- [DiscoveryClient-InstanceInfoReplicator-0] com.netflix.discovery.DiscoveryClient    : DiscoveryClient_ROUTINE/routine-9001: registering service...
2023-04-12 14:13:23.639  INFO 21556 --- [DiscoveryClient-InstanceInfoReplicator-0] com.netflix.discovery.DiscoveryClient    : DiscoveryClient_ROUTINE/routine-9001 - registration status: 204
2023-04-12 14:13:23.857  INFO 21556 --- [Thread-2] com.zaxxer.hikari.HikariDataSource       : HikariPool-1 - Shutdown initiated...
2023-04-12 14:13:23.862  INFO 21556 --- [Thread-2] com.zaxxer.hikari.HikariDataSource       : HikariPool-1 - Shutdown completed.
2023-04-12 14:13:23.863  INFO 21556 --- [Thread-2] com.netflix.discovery.DiscoveryClient    : Shutting down DiscoveryClient ...
2023-04-12 14:13:26.865  WARN 21556 --- [DiscoveryClient-0] c.netflix.discovery.TimedSupervisorTask  : task supervisor shutting down, can't accept the task
2023-04-12 14:13:26.871  INFO 21556 --- [Thread-2] com.netflix.discovery.DiscoveryClient    : Unregistering ...
2023-04-12 14:13:26.878  INFO 21556 --- [Thread-2] com.netflix.discovery.DiscoveryClient    : DiscoveryClient_ROUTINE/routine-9001 - deregister  status: 200
2023-04-12 14:13:26.884  INFO 21556 --- [Thread-2] com.netflix.discovery.DiscoveryClient    : Completed shut down of DiscoveryClient
2023-04-12 14:13:42.348  INFO 21556 --- [restartedMain] com.wechat.routine.RoutineApplication    : Starting RoutineApplication using Java 1.8.0_333 on DESKTOP-8P780U0 with PID 21556 (C:\Users\huangfuluyu\IdeaProjects\small-routine\routine\target\classes started by huangfuluyu in C:\Users\huangfuluyu\IdeaProjects\small-routine)
2023-04-12 14:13:42.349  INFO 21556 --- [restartedMain] com.wechat.routine.RoutineApplication    : No active profile set, falling back to 1 default profile: "default"
2023-04-12 14:13:42.925  WARN 21556 --- [restartedMain] o.m.s.mapper.ClassPathMapperScanner      : No MyBatis mapper was found in '[com.wechat.routine.mapper]' package. Please check your configuration.
2023-04-12 14:13:42.936  INFO 21556 --- [restartedMain] o.s.cloud.context.scope.GenericScope     : BeanFactory id=d4505ae7-b8ae-3d67-9b7d-a0b3d4f5ae96
2023-04-12 14:13:43.031  INFO 21556 --- [restartedMain] o.s.b.w.embedded.tomcat.TomcatWebServer  : Tomcat initialized with port(s): 9001 (http)
2023-04-12 14:13:43.032  INFO 21556 --- [restartedMain] o.apache.catalina.core.StandardService   : Starting service [Tomcat]
2023-04-12 14:13:43.033  INFO 21556 --- [restartedMain] org.apache.catalina.core.StandardEngine  : Starting Servlet engine: [Apache Tomcat/9.0.58]
2023-04-12 14:13:43.082  INFO 21556 --- [restartedMain] o.a.c.c.C.[Tomcat-1].[localhost].[/]     : Initializing Spring embedded WebApplicationContext
2023-04-12 14:13:43.082  INFO 21556 --- [restartedMain] w.s.c.ServletWebServerApplicationContext : Root WebApplicationContext: initialization completed in 729 ms
2023-04-12 14:13:43.249  INFO 21556 --- [restartedMain] pertySourcedRequestMappingHandlerMapping : Mapped URL path [/v2/api-docs] onto method [springfox.documentation.swagger2.web.Swagger2Controller#getDocumentation(String, HttpServletRequest)]
2023-04-12 14:13:43.323  WARN 21556 --- [restartedMain] o.s.b.d.a.OptionalLiveReloadServer       : Unable to start LiveReload server
2023-04-12 14:13:43.870  INFO 21556 --- [restartedMain] DiscoveryClientOptionalArgsConfiguration : Eureka HTTP Client uses RestTemplate.
2023-04-12 14:13:44.268  WARN 21556 --- [restartedMain] iguration$LoadBalancerCaffeineWarnLogger : Spring Cloud LoadBalancer is currently working with the default cache. While this cache implementation is useful for development and tests, it's recommended to use Caffeine cache in production.You can switch to using Caffeine cache, by adding it and org.springframework.cache.caffeine.CaffeineCacheManager to the classpath.
2023-04-12 14:13:44.301  INFO 21556 --- [restartedMain] o.s.c.n.eureka.InstanceInfoFactory       : Setting initial instance status as: STARTING
2023-04-12 14:13:44.305  INFO 21556 --- [restartedMain] com.netflix.discovery.DiscoveryClient    : Initializing Eureka in region us-east-1
2023-04-12 14:13:44.305  INFO 21556 --- [restartedMain] c.n.d.s.r.aws.ConfigClusterResolver      : Resolving eureka endpoints via configuration
2023-04-12 14:13:44.307  INFO 21556 --- [restartedMain] com.netflix.discovery.DiscoveryClient    : Disable delta property : false
2023-04-12 14:13:44.307  INFO 21556 --- [restartedMain] com.netflix.discovery.DiscoveryClient    : Single vip registry refresh property : null
2023-04-12 14:13:44.307  INFO 21556 --- [restartedMain] com.netflix.discovery.DiscoveryClient    : Force full registry fetch : false
2023-04-12 14:13:44.308  INFO 21556 --- [restartedMain] com.netflix.discovery.DiscoveryClient    : Application is null : false
2023-04-12 14:13:44.308  INFO 21556 --- [restartedMain] com.netflix.discovery.DiscoveryClient    : Registered Applications size is zero : true
2023-04-12 14:13:44.308  INFO 21556 --- [restartedMain] com.netflix.discovery.DiscoveryClient    : Application version is -1: true
2023-04-12 14:13:44.308  INFO 21556 --- [restartedMain] com.netflix.discovery.DiscoveryClient    : Getting all instance registry info from the eureka server
2023-04-12 14:13:44.341  INFO 21556 --- [restartedMain] com.netflix.discovery.DiscoveryClient    : The response status is 200
2023-04-12 14:13:44.343  INFO 21556 --- [restartedMain] com.netflix.discovery.DiscoveryClient    : Starting heartbeat executor: renew interval is: 30
2023-04-12 14:13:44.352  INFO 21556 --- [restartedMain] c.n.discovery.InstanceInfoReplicator     : InstanceInfoReplicator onDemand update allowed rate per min is 4
2023-04-12 14:13:44.354  INFO 21556 --- [restartedMain] com.netflix.discovery.DiscoveryClient    : Discovery Client initialized at timestamp 1681280024354 with initial instances count: 1
2023-04-12 14:13:44.356  INFO 21556 --- [restartedMain] o.s.c.n.e.s.EurekaServiceRegistry        : Registering application ROUTINE with eureka with status UP
2023-04-12 14:13:44.357  INFO 21556 --- [restartedMain] com.netflix.discovery.DiscoveryClient    : Saw local status change event StatusChangeEvent [timestamp=1681280024357, current=UP, previous=STARTING]
2023-04-12 14:13:44.357  INFO 21556 --- [DiscoveryClient-InstanceInfoReplicator-0] com.netflix.discovery.DiscoveryClient    : DiscoveryClient_ROUTINE/routine-9001: registering service...
2023-04-12 14:13:44.365  INFO 21556 --- [restartedMain] o.s.b.w.embedded.tomcat.TomcatWebServer  : Tomcat started on port(s): 9001 (http) with context path ''
2023-04-12 14:13:44.366  INFO 21556 --- [restartedMain] .s.c.n.e.s.EurekaAutoServiceRegistration : Updating port to 9001
2023-04-12 14:13:44.381  INFO 21556 --- [DiscoveryClient-InstanceInfoReplicator-0] com.netflix.discovery.DiscoveryClient    : DiscoveryClient_ROUTINE/routine-9001 - registration status: 204
2023-04-12 14:13:44.739  INFO 21556 --- [restartedMain] d.s.w.p.DocumentationPluginsBootstrapper : Context refreshed
2023-04-12 14:13:44.741  INFO 21556 --- [restartedMain] d.s.w.p.DocumentationPluginsBootstrapper : Found 1 custom documentation plugin(s)
2023-04-12 14:13:44.746  INFO 21556 --- [restartedMain] s.d.s.w.s.ApiListingReferenceScanner     : Scanning for api listing references
2023-04-12 14:13:44.795  INFO 21556 --- [restartedMain] com.wechat.routine.RoutineApplication    : Started RoutineApplication in 2.871 seconds (JVM running for 478.001)
2023-04-12 14:13:44.801  INFO 21556 --- [restartedMain] .ConditionEvaluationDeltaLoggingListener : Condition evaluation unchanged
2023-04-12 14:13:48.975  INFO 21556 --- [Thread-8] o.s.c.n.e.s.EurekaServiceRegistry        : Unregistering application ROUTINE with eureka with status DOWN
2023-04-12 14:13:48.975  INFO 21556 --- [Thread-8] com.netflix.discovery.DiscoveryClient    : Saw local status change event StatusChangeEvent [timestamp=1681280028975, current=DOWN, previous=UP]
2023-04-12 14:13:48.976  INFO 21556 --- [DiscoveryClient-InstanceInfoReplicator-0] com.netflix.discovery.DiscoveryClient    : DiscoveryClient_ROUTINE/routine-9001: registering service...
2023-04-12 14:13:48.982  INFO 21556 --- [DiscoveryClient-InstanceInfoReplicator-0] com.netflix.discovery.DiscoveryClient    : DiscoveryClient_ROUTINE/routine-9001 - registration status: 204
2023-04-12 14:13:49.216  INFO 21556 --- [Thread-8] com.netflix.discovery.DiscoveryClient    : Shutting down DiscoveryClient ...
2023-04-12 14:13:52.263  INFO 21556 --- [Thread-8] com.netflix.discovery.DiscoveryClient    : Unregistering ...
2023-04-12 14:13:52.281  INFO 21556 --- [Thread-8] com.netflix.discovery.DiscoveryClient    : DiscoveryClient_ROUTINE/routine-9001 - deregister  status: 200
2023-04-12 14:13:52.288  INFO 21556 --- [Thread-8] com.netflix.discovery.DiscoveryClient    : Completed shut down of DiscoveryClient
2023-04-12 14:13:53.465  INFO 21556 --- [restartedMain] com.wechat.routine.RoutineApplication    : Starting RoutineApplication using Java 1.8.0_333 on DESKTOP-8P780U0 with PID 21556 (C:\Users\huangfuluyu\IdeaProjects\small-routine\routine\target\classes started by huangfuluyu in C:\Users\huangfuluyu\IdeaProjects\small-routine)
2023-04-12 14:13:53.466  INFO 21556 --- [restartedMain] com.wechat.routine.RoutineApplication    : No active profile set, falling back to 1 default profile: "default"
2023-04-12 14:13:54.434  INFO 21556 --- [restartedMain] o.s.cloud.context.scope.GenericScope     : BeanFactory id=b560f9bb-55e2-3b3c-94eb-68be8388c9bd
2023-04-12 14:13:54.549  INFO 21556 --- [restartedMain] o.s.b.w.embedded.tomcat.TomcatWebServer  : Tomcat initialized with port(s): 9001 (http)
2023-04-12 14:13:54.550  INFO 21556 --- [restartedMain] o.apache.catalina.core.StandardService   : Starting service [Tomcat]
2023-04-12 14:13:54.550  INFO 21556 --- [restartedMain] org.apache.catalina.core.StandardEngine  : Starting Servlet engine: [Apache Tomcat/9.0.58]
2023-04-12 14:13:54.595  INFO 21556 --- [restartedMain] o.a.c.c.C.[Tomcat-1].[localhost].[/]     : Initializing Spring embedded WebApplicationContext
2023-04-12 14:13:54.595  INFO 21556 --- [restartedMain] w.s.c.ServletWebServerApplicationContext : Root WebApplicationContext: initialization completed in 1120 ms
2023-04-12 14:13:54.976  INFO 21556 --- [restartedMain] pertySourcedRequestMappingHandlerMapping : Mapped URL path [/v2/api-docs] onto method [springfox.documentation.swagger2.web.Swagger2Controller#getDocumentation(String, HttpServletRequest)]
2023-04-12 14:13:55.029  WARN 21556 --- [restartedMain] o.s.b.d.a.OptionalLiveReloadServer       : Unable to start LiveReload server
2023-04-12 14:13:55.486  INFO 21556 --- [restartedMain] DiscoveryClientOptionalArgsConfiguration : Eureka HTTP Client uses RestTemplate.
2023-04-12 14:13:55.826  WARN 21556 --- [restartedMain] iguration$LoadBalancerCaffeineWarnLogger : Spring Cloud LoadBalancer is currently working with the default cache. While this cache implementation is useful for development and tests, it's recommended to use Caffeine cache in production.You can switch to using Caffeine cache, by adding it and org.springframework.cache.caffeine.CaffeineCacheManager to the classpath.
2023-04-12 14:13:55.861  INFO 21556 --- [restartedMain] o.s.c.n.eureka.InstanceInfoFactory       : Setting initial instance status as: STARTING
2023-04-12 14:13:55.865  INFO 21556 --- [restartedMain] com.netflix.discovery.DiscoveryClient    : Initializing Eureka in region us-east-1
2023-04-12 14:13:55.865  INFO 21556 --- [restartedMain] c.n.d.s.r.aws.ConfigClusterResolver      : Resolving eureka endpoints via configuration
2023-04-12 14:13:55.867  INFO 21556 --- [restartedMain] com.netflix.discovery.DiscoveryClient    : Disable delta property : false
2023-04-12 14:13:55.867  INFO 21556 --- [restartedMain] com.netflix.discovery.DiscoveryClient    : Single vip registry refresh property : null
2023-04-12 14:13:55.867  INFO 21556 --- [restartedMain] com.netflix.discovery.DiscoveryClient    : Force full registry fetch : false
2023-04-12 14:13:55.867  INFO 21556 --- [restartedMain] com.netflix.discovery.DiscoveryClient    : Application is null : false
2023-04-12 14:13:55.867  INFO 21556 --- [restartedMain] com.netflix.discovery.DiscoveryClient    : Registered Applications size is zero : true
2023-04-12 14:13:55.867  INFO 21556 --- [restartedMain] com.netflix.discovery.DiscoveryClient    : Application version is -1: true
2023-04-12 14:13:55.867  INFO 21556 --- [restartedMain] com.netflix.discovery.DiscoveryClient    : Getting all instance registry info from the eureka server
2023-04-12 14:13:55.893  INFO 21556 --- [restartedMain] com.netflix.discovery.DiscoveryClient    : The response status is 200
2023-04-12 14:13:55.895  INFO 21556 --- [restartedMain] com.netflix.discovery.DiscoveryClient    : Starting heartbeat executor: renew interval is: 30
2023-04-12 14:13:55.896  INFO 21556 --- [restartedMain] c.n.discovery.InstanceInfoReplicator     : InstanceInfoReplicator onDemand update allowed rate per min is 4
2023-04-12 14:13:55.897  INFO 21556 --- [restartedMain] com.netflix.discovery.DiscoveryClient    : Discovery Client initialized at timestamp 1681280035897 with initial instances count: 1
2023-04-12 14:13:55.899  INFO 21556 --- [restartedMain] o.s.c.n.e.s.EurekaServiceRegistry        : Registering application ROUTINE with eureka with status UP
2023-04-12 14:13:55.900  INFO 21556 --- [restartedMain] com.netflix.discovery.DiscoveryClient    : Saw local status change event StatusChangeEvent [timestamp=1681280035900, current=UP, previous=STARTING]
2023-04-12 14:13:55.900  INFO 21556 --- [DiscoveryClient-InstanceInfoReplicator-0] com.netflix.discovery.DiscoveryClient    : DiscoveryClient_ROUTINE/routine-9001: registering service...
2023-04-12 14:13:55.905  INFO 21556 --- [restartedMain] o.s.b.w.embedded.tomcat.TomcatWebServer  : Tomcat started on port(s): 9001 (http) with context path ''
2023-04-12 14:13:55.906  INFO 21556 --- [restartedMain] .s.c.n.e.s.EurekaAutoServiceRegistration : Updating port to 9001
2023-04-12 14:13:55.916  INFO 21556 --- [DiscoveryClient-InstanceInfoReplicator-0] com.netflix.discovery.DiscoveryClient    : DiscoveryClient_ROUTINE/routine-9001 - registration status: 204
2023-04-12 14:13:56.216  INFO 21556 --- [restartedMain] d.s.w.p.DocumentationPluginsBootstrapper : Context refreshed
2023-04-12 14:13:56.217  INFO 21556 --- [restartedMain] d.s.w.p.DocumentationPluginsBootstrapper : Found 1 custom documentation plugin(s)
2023-04-12 14:13:56.224  INFO 21556 --- [restartedMain] s.d.s.w.s.ApiListingReferenceScanner     : Scanning for api listing references
2023-04-12 14:13:56.279  INFO 21556 --- [restartedMain] .d.s.w.r.o.CachingOperationNameGenerator : Generating unique operation named: getLeadersUsingGET_1
2023-04-12 14:13:56.347  INFO 21556 --- [restartedMain] com.wechat.routine.RoutineApplication    : Started RoutineApplication in 3.787 seconds (JVM running for 489.553)
2023-04-12 14:13:56.349  INFO 21556 --- [restartedMain] .ConditionEvaluationDeltaLoggingListener : Condition evaluation unchanged
2023-04-12 14:14:00.002  INFO 21556 --- [scheduling-1] com.zaxxer.hikari.HikariDataSource       : HikariPool-2 - Starting...
2023-04-12 14:14:00.008  INFO 21556 --- [scheduling-1] com.zaxxer.hikari.HikariDataSource       : HikariPool-2 - Start completed.
2023-04-12 14:18:55.869  INFO 21556 --- [AsyncResolver-bootstrap-executor-0] c.n.d.s.r.aws.ConfigClusterResolver      : Resolving eureka endpoints via configuration
2023-04-12 14:23:55.871  INFO 21556 --- [AsyncResolver-bootstrap-executor-0] c.n.d.s.r.aws.ConfigClusterResolver      : Resolving eureka endpoints via configuration
2023-04-12 14:28:55.873  INFO 21556 --- [AsyncResolver-bootstrap-executor-0] c.n.d.s.r.aws.ConfigClusterResolver      : Resolving eureka endpoints via configuration
2023-04-12 14:33:55.874  INFO 21556 --- [AsyncResolver-bootstrap-executor-0] c.n.d.s.r.aws.ConfigClusterResolver      : Resolving eureka endpoints via configuration
2023-04-12 14:38:55.875  INFO 21556 --- [AsyncResolver-bootstrap-executor-0] c.n.d.s.r.aws.ConfigClusterResolver      : Resolving eureka endpoints via configuration
2023-04-12 14:43:55.876  INFO 21556 --- [AsyncResolver-bootstrap-executor-0] c.n.d.s.r.aws.ConfigClusterResolver      : Resolving eureka endpoints via configuration
2023-04-12 14:44:15.159  INFO 21556 --- [http-nio-9001-exec-1] o.apache.coyote.http11.Http11Processor   : Error parsing HTTP request header
 Note: further occurrences of HTTP request parsing errors will be logged at DEBUG level.

java.lang.IllegalArgumentException: Invalid character found in method name [0x030x000x00/*0xe00x000x000x000x000x00Cookie: ]. HTTP method names must be tokens
	at org.apache.coyote.http11.Http11InputBuffer.parseRequestLine(Http11InputBuffer.java:419)
	at org.apache.coyote.http11.Http11Processor.service(Http11Processor.java:271)
	at org.apache.coyote.AbstractProcessorLight.process(AbstractProcessorLight.java:65)
	at org.apache.coyote.AbstractProtocol$ConnectionHandler.process(AbstractProtocol.java:889)
	at org.apache.tomcat.util.net.NioEndpoint$SocketProcessor.doRun(NioEndpoint.java:1735)
	at org.apache.tomcat.util.net.SocketProcessorBase.run(SocketProcessorBase.java:49)
	at org.apache.tomcat.util.threads.ThreadPoolExecutor.runWorker(ThreadPoolExecutor.java:1191)
	at org.apache.tomcat.util.threads.ThreadPoolExecutor$Worker.run(ThreadPoolExecutor.java:659)
	at org.apache.tomcat.util.threads.TaskThread$WrappingRunnable.run(TaskThread.java:61)
	at java.lang.Thread.run(Thread.java:750)

2023-04-12 14:48:55.878  INFO 21556 --- [AsyncResolver-bootstrap-executor-0] c.n.d.s.r.aws.ConfigClusterResolver      : Resolving eureka endpoints via configuration
2023-04-12 14:53:55.879  INFO 21556 --- [AsyncResolver-bootstrap-executor-0] c.n.d.s.r.aws.ConfigClusterResolver      : Resolving eureka endpoints via configuration
2023-04-12 14:58:55.880  INFO 21556 --- [AsyncResolver-bootstrap-executor-0] c.n.d.s.r.aws.ConfigClusterResolver      : Resolving eureka endpoints via configuration
2023-04-12 15:03:55.881  INFO 21556 --- [AsyncResolver-bootstrap-executor-0] c.n.d.s.r.aws.ConfigClusterResolver      : Resolving eureka endpoints via configuration
2023-04-12 15:08:55.882  INFO 21556 --- [AsyncResolver-bootstrap-executor-0] c.n.d.s.r.aws.ConfigClusterResolver      : Resolving eureka endpoints via configuration
2023-04-12 15:13:55.883  INFO 21556 --- [AsyncResolver-bootstrap-executor-0] c.n.d.s.r.aws.ConfigClusterResolver      : Resolving eureka endpoints via configuration
2023-04-12 15:18:55.884  INFO 21556 --- [AsyncResolver-bootstrap-executor-0] c.n.d.s.r.aws.ConfigClusterResolver      : Resolving eureka endpoints via configuration
2023-04-12 15:23:55.885  INFO 21556 --- [AsyncResolver-bootstrap-executor-0] c.n.d.s.r.aws.ConfigClusterResolver      : Resolving eureka endpoints via configuration
2023-04-12 15:28:55.886  INFO 21556 --- [AsyncResolver-bootstrap-executor-0] c.n.d.s.r.aws.ConfigClusterResolver      : Resolving eureka endpoints via configuration
2023-04-12 15:33:55.887  INFO 21556 --- [AsyncResolver-bootstrap-executor-0] c.n.d.s.r.aws.ConfigClusterResolver      : Resolving eureka endpoints via configuration
2023-04-12 15:38:55.889  INFO 21556 --- [AsyncResolver-bootstrap-executor-0] c.n.d.s.r.aws.ConfigClusterResolver      : Resolving eureka endpoints via configuration
2023-04-12 15:43:55.890  INFO 21556 --- [AsyncResolver-bootstrap-executor-0] c.n.d.s.r.aws.ConfigClusterResolver      : Resolving eureka endpoints via configuration
2023-04-12 15:48:55.892  INFO 21556 --- [AsyncResolver-bootstrap-executor-0] c.n.d.s.r.aws.ConfigClusterResolver      : Resolving eureka endpoints via configuration
2023-04-12 15:53:55.893  INFO 21556 --- [AsyncResolver-bootstrap-executor-0] c.n.d.s.r.aws.ConfigClusterResolver      : Resolving eureka endpoints via configuration
2023-04-12 15:58:55.894  INFO 21556 --- [AsyncResolver-bootstrap-executor-0] c.n.d.s.r.aws.ConfigClusterResolver      : Resolving eureka endpoints via configuration
2023-04-12 16:03:55.896  INFO 21556 --- [AsyncResolver-bootstrap-executor-0] c.n.d.s.r.aws.ConfigClusterResolver      : Resolving eureka endpoints via configuration
2023-04-12 16:08:55.896  INFO 21556 --- [AsyncResolver-bootstrap-executor-0] c.n.d.s.r.aws.ConfigClusterResolver      : Resolving eureka endpoints via configuration
2023-04-12 16:13:55.899  INFO 21556 --- [AsyncResolver-bootstrap-executor-0] c.n.d.s.r.aws.ConfigClusterResolver      : Resolving eureka endpoints via configuration
2023-04-12 16:18:55.899  INFO 21556 --- [AsyncResolver-bootstrap-executor-0] c.n.d.s.r.aws.ConfigClusterResolver      : Resolving eureka endpoints via configuration
2023-04-12 16:23:55.901  INFO 21556 --- [AsyncResolver-bootstrap-executor-0] c.n.d.s.r.aws.ConfigClusterResolver      : Resolving eureka endpoints via configuration
2023-04-12 16:28:55.902  INFO 21556 --- [AsyncResolver-bootstrap-executor-0] c.n.d.s.r.aws.ConfigClusterResolver      : Resolving eureka endpoints via configuration
2023-04-12 16:33:55.903  INFO 21556 --- [AsyncResolver-bootstrap-executor-0] c.n.d.s.r.aws.ConfigClusterResolver      : Resolving eureka endpoints via configuration
2023-04-12 16:38:55.904  INFO 21556 --- [AsyncResolver-bootstrap-executor-0] c.n.d.s.r.aws.ConfigClusterResolver      : Resolving eureka endpoints via configuration
2023-04-12 16:43:55.905  INFO 21556 --- [AsyncResolver-bootstrap-executor-0] c.n.d.s.r.aws.ConfigClusterResolver      : Resolving eureka endpoints via configuration
2023-04-12 16:48:55.907  INFO 21556 --- [AsyncResolver-bootstrap-executor-0] c.n.d.s.r.aws.ConfigClusterResolver      : Resolving eureka endpoints via configuration
2023-04-12 16:53:55.909  INFO 21556 --- [AsyncResolver-bootstrap-executor-0] c.n.d.s.r.aws.ConfigClusterResolver      : Resolving eureka endpoints via configuration
2023-04-12 16:58:55.910  INFO 21556 --- [AsyncResolver-bootstrap-executor-0] c.n.d.s.r.aws.ConfigClusterResolver      : Resolving eureka endpoints via configuration
2023-04-12 17:03:55.911  INFO 21556 --- [AsyncResolver-bootstrap-executor-0] c.n.d.s.r.aws.ConfigClusterResolver      : Resolving eureka endpoints via configuration
2023-04-12 17:08:55.912  INFO 21556 --- [AsyncResolver-bootstrap-executor-0] c.n.d.s.r.aws.ConfigClusterResolver      : Resolving eureka endpoints via configuration
2023-04-12 17:13:55.913  INFO 21556 --- [AsyncResolver-bootstrap-executor-0] c.n.d.s.r.aws.ConfigClusterResolver      : Resolving eureka endpoints via configuration
2023-04-12 17:18:55.914  INFO 21556 --- [AsyncResolver-bootstrap-executor-0] c.n.d.s.r.aws.ConfigClusterResolver      : Resolving eureka endpoints via configuration
2023-04-12 17:23:55.916  INFO 21556 --- [AsyncResolver-bootstrap-executor-0] c.n.d.s.r.aws.ConfigClusterResolver      : Resolving eureka endpoints via configuration
2023-04-12 17:28:55.917  INFO 21556 --- [AsyncResolver-bootstrap-executor-0] c.n.d.s.r.aws.ConfigClusterResolver      : Resolving eureka endpoints via configuration
2023-04-12 17:33:55.918  INFO 21556 --- [AsyncResolver-bootstrap-executor-0] c.n.d.s.r.aws.ConfigClusterResolver      : Resolving eureka endpoints via configuration
2023-04-12 17:38:55.919  INFO 21556 --- [AsyncResolver-bootstrap-executor-0] c.n.d.s.r.aws.ConfigClusterResolver      : Resolving eureka endpoints via configuration
2023-04-12 17:43:55.920  INFO 21556 --- [AsyncResolver-bootstrap-executor-0] c.n.d.s.r.aws.ConfigClusterResolver      : Resolving eureka endpoints via configuration
2023-04-12 17:48:55.922  INFO 21556 --- [AsyncResolver-bootstrap-executor-0] c.n.d.s.r.aws.ConfigClusterResolver      : Resolving eureka endpoints via configuration
2023-04-12 17:53:55.923  INFO 21556 --- [AsyncResolver-bootstrap-executor-0] c.n.d.s.r.aws.ConfigClusterResolver      : Resolving eureka endpoints via configuration
2023-04-12 17:58:55.925  INFO 21556 --- [AsyncResolver-bootstrap-executor-0] c.n.d.s.r.aws.ConfigClusterResolver      : Resolving eureka endpoints via configuration
2023-04-12 18:03:55.926  INFO 21556 --- [AsyncResolver-bootstrap-executor-0] c.n.d.s.r.aws.ConfigClusterResolver      : Resolving eureka endpoints via configuration
2023-04-12 18:08:55.927  INFO 21556 --- [AsyncResolver-bootstrap-executor-0] c.n.d.s.r.aws.ConfigClusterResolver      : Resolving eureka endpoints via configuration
2023-04-12 18:13:55.929  INFO 21556 --- [AsyncResolver-bootstrap-executor-0] c.n.d.s.r.aws.ConfigClusterResolver      : Resolving eureka endpoints via configuration
2023-04-12 18:18:55.931  INFO 21556 --- [AsyncResolver-bootstrap-executor-0] c.n.d.s.r.aws.ConfigClusterResolver      : Resolving eureka endpoints via configuration
2023-04-12 18:23:55.933  INFO 21556 --- [AsyncResolver-bootstrap-executor-0] c.n.d.s.r.aws.ConfigClusterResolver      : Resolving eureka endpoints via configuration
2023-04-12 18:28:55.934  INFO 21556 --- [AsyncResolver-bootstrap-executor-0] c.n.d.s.r.aws.ConfigClusterResolver      : Resolving eureka endpoints via configuration
2023-04-12 18:33:55.935  INFO 21556 --- [AsyncResolver-bootstrap-executor-0] c.n.d.s.r.aws.ConfigClusterResolver      : Resolving eureka endpoints via configuration
2023-04-12 18:38:55.936  INFO 21556 --- [AsyncResolver-bootstrap-executor-0] c.n.d.s.r.aws.ConfigClusterResolver      : Resolving eureka endpoints via configuration
2023-04-12 18:43:55.938  INFO 21556 --- [AsyncResolver-bootstrap-executor-0] c.n.d.s.r.aws.ConfigClusterResolver      : Resolving eureka endpoints via configuration
2023-04-12 18:48:20.949  INFO 21556 --- [http-nio-9001-exec-2] o.a.c.c.C.[Tomcat-1].[localhost].[/]     : Initializing Spring DispatcherServlet 'dispatcherServlet'
2023-04-12 18:48:20.949  INFO 21556 --- [http-nio-9001-exec-2] o.s.web.servlet.DispatcherServlet        : Initializing Servlet 'dispatcherServlet'
2023-04-12 18:48:20.972  INFO 21556 --- [http-nio-9001-exec-2] o.s.web.servlet.DispatcherServlet        : Completed initialization in 22 ms
2023-04-12 18:48:20.996  WARN 21556 --- [http-nio-9001-exec-2] .m.m.a.ExceptionHandlerExceptionResolver : Resolved [java.security.SignatureException: token不能为空]
2023-04-12 18:48:55.938  INFO 21556 --- [AsyncResolver-bootstrap-executor-0] c.n.d.s.r.aws.ConfigClusterResolver      : Resolving eureka endpoints via configuration
2023-04-12 18:53:55.939  INFO 21556 --- [AsyncResolver-bootstrap-executor-0] c.n.d.s.r.aws.ConfigClusterResolver      : Resolving eureka endpoints via configuration
2023-04-12 18:58:55.940  INFO 21556 --- [AsyncResolver-bootstrap-executor-0] c.n.d.s.r.aws.ConfigClusterResolver      : Resolving eureka endpoints via configuration
2023-04-12 19:03:55.941  INFO 21556 --- [AsyncResolver-bootstrap-executor-0] c.n.d.s.r.aws.ConfigClusterResolver      : Resolving eureka endpoints via configuration
2023-04-12 19:08:55.943  INFO 21556 --- [AsyncResolver-bootstrap-executor-0] c.n.d.s.r.aws.ConfigClusterResolver      : Resolving eureka endpoints via configuration
2023-04-12 19:13:55.945  INFO 21556 --- [AsyncResolver-bootstrap-executor-0] c.n.d.s.r.aws.ConfigClusterResolver      : Resolving eureka endpoints via configuration
2023-04-12 19:18:55.946  INFO 21556 --- [AsyncResolver-bootstrap-executor-0] c.n.d.s.r.aws.ConfigClusterResolver      : Resolving eureka endpoints via configuration
2023-04-12 19:23:55.948  INFO 21556 --- [AsyncResolver-bootstrap-executor-0] c.n.d.s.r.aws.ConfigClusterResolver      : Resolving eureka endpoints via configuration
2023-04-12 19:28:55.949  INFO 21556 --- [AsyncResolver-bootstrap-executor-0] c.n.d.s.r.aws.ConfigClusterResolver      : Resolving eureka endpoints via configuration
2023-04-12 19:33:55.951  INFO 21556 --- [AsyncResolver-bootstrap-executor-0] c.n.d.s.r.aws.ConfigClusterResolver      : Resolving eureka endpoints via configuration
2023-04-12 19:38:55.952  INFO 21556 --- [AsyncResolver-bootstrap-executor-0] c.n.d.s.r.aws.ConfigClusterResolver      : Resolving eureka endpoints via configuration
2023-04-12 19:43:55.954  INFO 21556 --- [AsyncResolver-bootstrap-executor-0] c.n.d.s.r.aws.ConfigClusterResolver      : Resolving eureka endpoints via configuration
2023-04-12 19:48:55.955  INFO 21556 --- [AsyncResolver-bootstrap-executor-0] c.n.d.s.r.aws.ConfigClusterResolver      : Resolving eureka endpoints via configuration
2023-04-12 19:53:55.956  INFO 21556 --- [AsyncResolver-bootstrap-executor-0] c.n.d.s.r.aws.ConfigClusterResolver      : Resolving eureka endpoints via configuration
2023-04-12 19:58:55.958  INFO 21556 --- [AsyncResolver-bootstrap-executor-0] c.n.d.s.r.aws.ConfigClusterResolver      : Resolving eureka endpoints via configuration
2023-04-12 20:03:55.959  INFO 21556 --- [AsyncResolver-bootstrap-executor-0] c.n.d.s.r.aws.ConfigClusterResolver      : Resolving eureka endpoints via configuration
2023-04-12 20:08:55.960  INFO 21556 --- [AsyncResolver-bootstrap-executor-0] c.n.d.s.r.aws.ConfigClusterResolver      : Resolving eureka endpoints via configuration
2023-04-12 20:13:55.963  INFO 21556 --- [AsyncResolver-bootstrap-executor-0] c.n.d.s.r.aws.ConfigClusterResolver      : Resolving eureka endpoints via configuration
2023-04-12 20:18:55.964  INFO 21556 --- [AsyncResolver-bootstrap-executor-0] c.n.d.s.r.aws.ConfigClusterResolver      : Resolving eureka endpoints via configuration
2023-04-12 20:23:55.964  INFO 21556 --- [AsyncResolver-bootstrap-executor-0] c.n.d.s.r.aws.ConfigClusterResolver      : Resolving eureka endpoints via configuration
2023-04-12 20:28:55.965  INFO 21556 --- [AsyncResolver-bootstrap-executor-0] c.n.d.s.r.aws.ConfigClusterResolver      : Resolving eureka endpoints via configuration
2023-04-12 20:33:55.966  INFO 21556 --- [AsyncResolver-bootstrap-executor-0] c.n.d.s.r.aws.ConfigClusterResolver      : Resolving eureka endpoints via configuration
2023-04-12 20:38:55.968  INFO 21556 --- [AsyncResolver-bootstrap-executor-0] c.n.d.s.r.aws.ConfigClusterResolver      : Resolving eureka endpoints via configuration
2023-04-12 20:43:55.969  INFO 21556 --- [AsyncResolver-bootstrap-executor-0] c.n.d.s.r.aws.ConfigClusterResolver      : Resolving eureka endpoints via configuration
2023-04-12 20:48:55.971  INFO 21556 --- [AsyncResolver-bootstrap-executor-0] c.n.d.s.r.aws.ConfigClusterResolver      : Resolving eureka endpoints via configuration
2023-04-12 20:53:55.972  INFO 21556 --- [AsyncResolver-bootstrap-executor-0] c.n.d.s.r.aws.ConfigClusterResolver      : Resolving eureka endpoints via configuration
2023-04-12 20:58:55.974  INFO 21556 --- [AsyncResolver-bootstrap-executor-0] c.n.d.s.r.aws.ConfigClusterResolver      : Resolving eureka endpoints via configuration
2023-04-12 21:03:55.974  INFO 21556 --- [AsyncResolver-bootstrap-executor-0] c.n.d.s.r.aws.ConfigClusterResolver      : Resolving eureka endpoints via configuration
2023-04-12 21:08:55.975  INFO 21556 --- [AsyncResolver-bootstrap-executor-0] c.n.d.s.r.aws.ConfigClusterResolver      : Resolving eureka endpoints via configuration
2023-04-12 21:13:55.977  INFO 21556 --- [AsyncResolver-bootstrap-executor-0] c.n.d.s.r.aws.ConfigClusterResolver      : Resolving eureka endpoints via configuration
2023-04-12 21:18:55.979  INFO 21556 --- [AsyncResolver-bootstrap-executor-0] c.n.d.s.r.aws.ConfigClusterResolver      : Resolving eureka endpoints via configuration
2023-04-12 21:23:55.980  INFO 21556 --- [AsyncResolver-bootstrap-executor-0] c.n.d.s.r.aws.ConfigClusterResolver      : Resolving eureka endpoints via configuration
2023-04-12 21:28:55.981  INFO 21556 --- [AsyncResolver-bootstrap-executor-0] c.n.d.s.r.aws.ConfigClusterResolver      : Resolving eureka endpoints via configuration
2023-04-12 21:33:55.982  INFO 21556 --- [AsyncResolver-bootstrap-executor-0] c.n.d.s.r.aws.ConfigClusterResolver      : Resolving eureka endpoints via configuration
2023-04-12 21:38:55.983  INFO 21556 --- [AsyncResolver-bootstrap-executor-0] c.n.d.s.r.aws.ConfigClusterResolver      : Resolving eureka endpoints via configuration
2023-04-12 21:43:55.985  INFO 21556 --- [AsyncResolver-bootstrap-executor-0] c.n.d.s.r.aws.ConfigClusterResolver      : Resolving eureka endpoints via configuration
2023-04-12 21:48:55.986  INFO 21556 --- [AsyncResolver-bootstrap-executor-0] c.n.d.s.r.aws.ConfigClusterResolver      : Resolving eureka endpoints via configuration
2023-04-12 21:53:55.987  INFO 21556 --- [AsyncResolver-bootstrap-executor-0] c.n.d.s.r.aws.ConfigClusterResolver      : Resolving eureka endpoints via configuration
2023-04-12 21:58:55.988  INFO 21556 --- [AsyncResolver-bootstrap-executor-0] c.n.d.s.r.aws.ConfigClusterResolver      : Resolving eureka endpoints via configuration
2023-04-12 22:03:55.990  INFO 21556 --- [AsyncResolver-bootstrap-executor-0] c.n.d.s.r.aws.ConfigClusterResolver      : Resolving eureka endpoints via configuration
2023-04-12 22:08:55.992  INFO 21556 --- [AsyncResolver-bootstrap-executor-0] c.n.d.s.r.aws.ConfigClusterResolver      : Resolving eureka endpoints via configuration
2023-04-12 22:13:55.994  INFO 21556 --- [AsyncResolver-bootstrap-executor-0] c.n.d.s.r.aws.ConfigClusterResolver      : Resolving eureka endpoints via configuration
2023-04-12 22:18:55.996  INFO 21556 --- [AsyncResolver-bootstrap-executor-0] c.n.d.s.r.aws.ConfigClusterResolver      : Resolving eureka endpoints via configuration
2023-04-12 22:23:56.001  INFO 21556 --- [AsyncResolver-bootstrap-executor-0] c.n.d.s.r.aws.ConfigClusterResolver      : Resolving eureka endpoints via configuration
2023-04-12 22:28:56.002  INFO 21556 --- [AsyncResolver-bootstrap-executor-0] c.n.d.s.r.aws.ConfigClusterResolver      : Resolving eureka endpoints via configuration
2023-04-12 22:33:56.004  INFO 21556 --- [AsyncResolver-bootstrap-executor-0] c.n.d.s.r.aws.ConfigClusterResolver      : Resolving eureka endpoints via configuration
2023-04-12 22:38:56.006  INFO 21556 --- [AsyncResolver-bootstrap-executor-0] c.n.d.s.r.aws.ConfigClusterResolver      : Resolving eureka endpoints via configuration
2023-04-12 22:43:56.008  INFO 21556 --- [AsyncResolver-bootstrap-executor-0] c.n.d.s.r.aws.ConfigClusterResolver      : Resolving eureka endpoints via configuration
2023-04-12 22:48:56.010  INFO 21556 --- [AsyncResolver-bootstrap-executor-0] c.n.d.s.r.aws.ConfigClusterResolver      : Resolving eureka endpoints via configuration
2023-04-12 22:53:56.011  INFO 21556 --- [AsyncResolver-bootstrap-executor-0] c.n.d.s.r.aws.ConfigClusterResolver      : Resolving eureka endpoints via configuration
2023-04-12 22:58:56.012  INFO 21556 --- [AsyncResolver-bootstrap-executor-0] c.n.d.s.r.aws.ConfigClusterResolver      : Resolving eureka endpoints via configuration
2023-04-12 23:03:56.013  INFO 21556 --- [AsyncResolver-bootstrap-executor-0] c.n.d.s.r.aws.ConfigClusterResolver      : Resolving eureka endpoints via configuration
2023-04-12 23:08:56.015  INFO 21556 --- [AsyncResolver-bootstrap-executor-0] c.n.d.s.r.aws.ConfigClusterResolver      : Resolving eureka endpoints via configuration
2023-04-12 23:13:56.016  INFO 21556 --- [AsyncResolver-bootstrap-executor-0] c.n.d.s.r.aws.ConfigClusterResolver      : Resolving eureka endpoints via configuration
2023-04-12 23:18:56.018  INFO 21556 --- [AsyncResolver-bootstrap-executor-0] c.n.d.s.r.aws.ConfigClusterResolver      : Resolving eureka endpoints via configuration
2023-04-12 23:23:56.020  INFO 21556 --- [AsyncResolver-bootstrap-executor-0] c.n.d.s.r.aws.ConfigClusterResolver      : Resolving eureka endpoints via configuration
2023-04-12 23:28:56.021  INFO 21556 --- [AsyncResolver-bootstrap-executor-0] c.n.d.s.r.aws.ConfigClusterResolver      : Resolving eureka endpoints via configuration
2023-04-12 23:33:56.022  INFO 21556 --- [AsyncResolver-bootstrap-executor-0] c.n.d.s.r.aws.ConfigClusterResolver      : Resolving eureka endpoints via configuration
2023-04-12 23:38:56.024  INFO 21556 --- [AsyncResolver-bootstrap-executor-0] c.n.d.s.r.aws.ConfigClusterResolver      : Resolving eureka endpoints via configuration
2023-04-12 23:43:56.025  INFO 21556 --- [AsyncResolver-bootstrap-executor-0] c.n.d.s.r.aws.ConfigClusterResolver      : Resolving eureka endpoints via configuration
2023-04-12 23:48:56.027  INFO 21556 --- [AsyncResolver-bootstrap-executor-0] c.n.d.s.r.aws.ConfigClusterResolver      : Resolving eureka endpoints via configuration
2023-04-12 23:53:56.029  INFO 21556 --- [AsyncResolver-bootstrap-executor-0] c.n.d.s.r.aws.ConfigClusterResolver      : Resolving eureka endpoints via configuration
2023-04-12 23:58:56.030  INFO 21556 --- [AsyncResolver-bootstrap-executor-0] c.n.d.s.r.aws.ConfigClusterResolver      : Resolving eureka endpoints via configuration
